{"C:\\Users\\Administrator\\Desktop\\way-farer\\WayFarer-API\\index.js":{"path":"C:\\Users\\Administrator\\Desktop\\way-farer\\WayFarer-API\\index.js","statementMap":{"0":{"start":{"line":3,"column":15},"end":{"line":3,"column":57}},"1":{"start":{"line":5,"column":18},"end":{"line":5,"column":64}},"2":{"start":{"line":7,"column":13},"end":{"line":7,"column":53}},"3":{"start":{"line":9,"column":14},"end":{"line":9,"column":55}},"4":{"start":{"line":11,"column":12},"end":{"line":11,"column":51}},"5":{"start":{"line":13,"column":12},"end":{"line":13,"column":70}},"6":{"start":{"line":15,"column":12},"end":{"line":15,"column":70}},"7":{"start":{"line":17,"column":11},"end":{"line":17,"column":68}},"8":{"start":{"line":19,"column":15},"end":{"line":19,"column":76}},"9":{"start":{"line":21,"column":39},"end":{"line":21,"column":95}},"10":{"start":{"line":23,"column":0},"end":{"line":23,"column":28}},"11":{"start":{"line":25,"column":10},"end":{"line":25,"column":36}},"12":{"start":{"line":26,"column":13},"end":{"line":26,"column":42}},"13":{"start":{"line":27,"column":0},"end":{"line":27,"column":36}},"14":{"start":{"line":28,"column":0},"end":{"line":28,"column":33}},"15":{"start":{"line":29,"column":0},"end":{"line":31,"column":4}},"16":{"start":{"line":32,"column":0},"end":{"line":32,"column":39}},"17":{"start":{"line":33,"column":0},"end":{"line":33,"column":42}},"18":{"start":{"line":34,"column":0},"end":{"line":34,"column":38}},"19":{"start":{"line":35,"column":0},"end":{"line":35,"column":37}},"20":{"start":{"line":36,"column":0},"end":{"line":36,"column":40}},"21":{"start":{"line":37,"column":0},"end":{"line":39,"column":3}},"22":{"start":{"line":38,"column":2},"end":{"line":38,"column":24}},"23":{"start":{"line":40,"column":11},"end":{"line":40,"column":35}},"24":{"start":{"line":41,"column":0},"end":{"line":43,"column":3}},"25":{"start":{"line":42,"column":2},"end":{"line":42,"column":47}},"26":{"start":{"line":44,"column":0},"end":{"line":44,"column":21}}},"fnMap":{"0":{"name":"_interopRequireDefault","decl":{"start":{"line":21,"column":9},"end":{"line":21,"column":31}},"loc":{"start":{"line":21,"column":37},"end":{"line":21,"column":97}},"line":21},"1":{"name":"(anonymous_1)","decl":{"start":{"line":37,"column":12},"end":{"line":37,"column":13}},"loc":{"start":{"line":37,"column":32},"end":{"line":39,"column":1}},"line":37},"2":{"name":"(anonymous_2)","decl":{"start":{"line":41,"column":17},"end":{"line":41,"column":18}},"loc":{"start":{"line":41,"column":29},"end":{"line":43,"column":1}},"line":41}},"branchMap":{"0":{"loc":{"start":{"line":21,"column":46},"end":{"line":21,"column":94}},"type":"cond-expr","locations":[{"start":{"line":21,"column":70},"end":{"line":21,"column":73}},{"start":{"line":21,"column":76},"end":{"line":21,"column":94}}],"line":21},"1":{"loc":{"start":{"line":21,"column":46},"end":{"line":21,"column":67}},"type":"binary-expr","locations":[{"start":{"line":21,"column":46},"end":{"line":21,"column":49}},{"start":{"line":21,"column":53},"end":{"line":21,"column":67}}],"line":21},"2":{"loc":{"start":{"line":40,"column":11},"end":{"line":40,"column":35}},"type":"binary-expr","locations":[{"start":{"line":40,"column":11},"end":{"line":40,"column":27}},{"start":{"line":40,"column":31},"end":{"line":40,"column":35}}],"line":40}},"s":{"0":1,"1":1,"2":1,"3":1,"4":1,"5":1,"6":1,"7":1,"8":1,"9":9,"10":1,"11":1,"12":1,"13":1,"14":1,"15":1,"16":1,"17":1,"18":1,"19":1,"20":1,"21":1,"22":0,"23":1,"24":1,"25":1,"26":1},"f":{"0":9,"1":0,"2":1},"b":{"0":[4,5],"1":[9,9],"2":[1,0]},"_coverageSchema":"43e27e138ebf9cfc5966b082cf9a028302ed4184","hash":"4f0c68de10077eb143ba21e269261e5ddaaf782e","contentHash":"3e02496a39d16a592dec36553f60d7a772d4e5fd71f5cd2e7a261b82bb0bbf9b"},"C:\\Users\\Administrator\\Desktop\\way-farer\\WayFarer-API\\src\\routes\\user.route.js":{"path":"C:\\Users\\Administrator\\Desktop\\way-farer\\WayFarer-API\\src\\routes\\user.route.js","statementMap":{"0":{"start":{"line":3,"column":0},"end":{"line":5,"column":3}},"1":{"start":{"line":6,"column":0},"end":{"line":6,"column":28}},"2":{"start":{"line":8,"column":15},"end":{"line":8,"column":57}},"3":{"start":{"line":10,"column":12},"end":{"line":10,"column":76}},"4":{"start":{"line":12,"column":39},"end":{"line":12,"column":95}},"5":{"start":{"line":15,"column":13},"end":{"line":15,"column":41}},"6":{"start":{"line":17,"column":0},"end":{"line":17,"column":48}},"7":{"start":{"line":18,"column":0},"end":{"line":18,"column":47}},"8":{"start":{"line":19,"column":15},"end":{"line":19,"column":21}},"9":{"start":{"line":20,"column":0},"end":{"line":20,"column":30}}},"fnMap":{"0":{"name":"_interopRequireDefault","decl":{"start":{"line":12,"column":9},"end":{"line":12,"column":31}},"loc":{"start":{"line":12,"column":37},"end":{"line":12,"column":97}},"line":12}},"branchMap":{"0":{"loc":{"start":{"line":12,"column":46},"end":{"line":12,"column":94}},"type":"cond-expr","locations":[{"start":{"line":12,"column":70},"end":{"line":12,"column":73}},{"start":{"line":12,"column":76},"end":{"line":12,"column":94}}],"line":12},"1":{"loc":{"start":{"line":12,"column":46},"end":{"line":12,"column":67}},"type":"binary-expr","locations":[{"start":{"line":12,"column":46},"end":{"line":12,"column":49}},{"start":{"line":12,"column":53},"end":{"line":12,"column":67}}],"line":12}},"s":{"0":1,"1":1,"2":1,"3":1,"4":2,"5":1,"6":1,"7":1,"8":1,"9":1},"f":{"0":2},"b":{"0":[1,1],"1":[2,2]},"_coverageSchema":"43e27e138ebf9cfc5966b082cf9a028302ed4184","hash":"54e0e425d4036985470c6a15d80a95b24e540887","contentHash":"3c314abf325df987ef5e5689199ff4aa7dcbf7f0da1f41ca5cec92a294bd9ef4"},"C:\\Users\\Administrator\\Desktop\\way-farer\\WayFarer-API\\src\\controller\\user.controller.js":{"path":"C:\\Users\\Administrator\\Desktop\\way-farer\\WayFarer-API\\src\\controller\\user.controller.js","statementMap":{"0":{"start":{"line":3,"column":0},"end":{"line":5,"column":3}},"1":{"start":{"line":6,"column":0},"end":{"line":6,"column":28}},"2":{"start":{"line":8,"column":14},"end":{"line":8,"column":55}},"3":{"start":{"line":10,"column":10},"end":{"line":10,"column":56}},"4":{"start":{"line":12,"column":12},"end":{"line":12,"column":65}},"5":{"start":{"line":14,"column":14},"end":{"line":14,"column":65}},"6":{"start":{"line":16,"column":16},"end":{"line":16,"column":69}},"7":{"start":{"line":18,"column":12},"end":{"line":18,"column":42}},"8":{"start":{"line":20,"column":39},"end":{"line":20,"column":95}},"9":{"start":{"line":22,"column":77},"end":{"line":22,"column":175}},"10":{"start":{"line":22,"column":94},"end":{"line":22,"column":107}},"11":{"start":{"line":22,"column":121},"end":{"line":22,"column":131}},"12":{"start":{"line":22,"column":151},"end":{"line":22,"column":165}},"13":{"start":{"line":22,"column":166},"end":{"line":22,"column":173}},"14":{"start":{"line":22,"column":176},"end":{"line":22,"column":263}},"15":{"start":{"line":22,"column":193},"end":{"line":22,"column":208}},"16":{"start":{"line":22,"column":218},"end":{"line":22,"column":261}},"17":{"start":{"line":24,"column":33},"end":{"line":24,"column":387}},"18":{"start":{"line":24,"column":65},"end":{"line":24,"column":69}},"19":{"start":{"line":24,"column":78},"end":{"line":24,"column":87}},"20":{"start":{"line":24,"column":89},"end":{"line":24,"column":384}},"21":{"start":{"line":24,"column":147},"end":{"line":24,"column":167}},"22":{"start":{"line":24,"column":193},"end":{"line":24,"column":264}},"23":{"start":{"line":24,"column":290},"end":{"line":24,"column":360}},"24":{"start":{"line":24,"column":363},"end":{"line":24,"column":380}},"25":{"start":{"line":26,"column":11},"end":{"line":238,"column":1}},"26":{"start":{"line":34,"column":18},"end":{"line":133,"column":7}},"27":{"start":{"line":39,"column":6},"end":{"line":132,"column":36}},"28":{"start":{"line":40,"column":8},"end":{"line":131,"column":9}},"29":{"start":{"line":41,"column":10},"end":{"line":130,"column":11}},"30":{"start":{"line":43,"column":14},"end":{"line":43,"column":159}},"31":{"start":{"line":44,"column":14},"end":{"line":44,"column":43}},"32":{"start":{"line":46,"column":14},"end":{"line":49,"column":15}},"33":{"start":{"line":47,"column":16},"end":{"line":47,"column":34}},"34":{"start":{"line":48,"column":16},"end":{"line":48,"column":22}},"35":{"start":{"line":51,"column":14},"end":{"line":54,"column":18}},"36":{"start":{"line":58,"column":14},"end":{"line":58,"column":50}},"37":{"start":{"line":60,"column":14},"end":{"line":63,"column":15}},"38":{"start":{"line":61,"column":16},"end":{"line":61,"column":34}},"39":{"start":{"line":62,"column":16},"end":{"line":62,"column":22}},"40":{"start":{"line":65,"column":14},"end":{"line":68,"column":18}},"41":{"start":{"line":71,"column":14},"end":{"line":74,"column":15}},"42":{"start":{"line":72,"column":16},"end":{"line":72,"column":34}},"43":{"start":{"line":73,"column":16},"end":{"line":73,"column":22}},"44":{"start":{"line":76,"column":14},"end":{"line":79,"column":18}},"45":{"start":{"line":82,"column":14},"end":{"line":82,"column":82}},"46":{"start":{"line":83,"column":14},"end":{"line":83,"column":165}},"47":{"start":{"line":84,"column":14},"end":{"line":84,"column":33}},"48":{"start":{"line":85,"column":14},"end":{"line":85,"column":33}},"49":{"start":{"line":86,"column":14},"end":{"line":86,"column":69}},"50":{"start":{"line":89,"column":14},"end":{"line":89,"column":35}},"51":{"start":{"line":90,"column":14},"end":{"line":90,"column":31}},"52":{"start":{"line":92,"column":14},"end":{"line":92,"column":40}},"53":{"start":{"line":93,"column":14},"end":{"line":93,"column":104}},"54":{"start":{"line":94,"column":14},"end":{"line":104,"column":18}},"55":{"start":{"line":107,"column":14},"end":{"line":107,"column":33}},"56":{"start":{"line":108,"column":14},"end":{"line":108,"column":50}},"57":{"start":{"line":109,"column":14},"end":{"line":109,"column":39}},"58":{"start":{"line":111,"column":14},"end":{"line":114,"column":15}},"59":{"start":{"line":112,"column":16},"end":{"line":112,"column":35}},"60":{"start":{"line":113,"column":16},"end":{"line":113,"column":22}},"61":{"start":{"line":116,"column":14},"end":{"line":119,"column":18}},"62":{"start":{"line":122,"column":14},"end":{"line":125,"column":18}},"63":{"start":{"line":129,"column":14},"end":{"line":129,"column":37}},"64":{"start":{"line":136,"column":6},"end":{"line":136,"column":44}},"65":{"start":{"line":139,"column":4},"end":{"line":139,"column":18}},"66":{"start":{"line":149,"column":17},"end":{"line":230,"column":7}},"67":{"start":{"line":154,"column":6},"end":{"line":229,"column":36}},"68":{"start":{"line":155,"column":8},"end":{"line":228,"column":9}},"69":{"start":{"line":156,"column":10},"end":{"line":227,"column":11}},"70":{"start":{"line":158,"column":14},"end":{"line":161,"column":15}},"71":{"start":{"line":159,"column":16},"end":{"line":159,"column":35}},"72":{"start":{"line":160,"column":16},"end":{"line":160,"column":22}},"73":{"start":{"line":163,"column":14},"end":{"line":166,"column":18}},"74":{"start":{"line":169,"column":14},"end":{"line":172,"column":15}},"75":{"start":{"line":170,"column":16},"end":{"line":170,"column":35}},"76":{"start":{"line":171,"column":16},"end":{"line":171,"column":22}},"77":{"start":{"line":174,"column":14},"end":{"line":177,"column":18}},"78":{"start":{"line":180,"column":14},"end":{"line":180,"column":33}},"79":{"start":{"line":181,"column":14},"end":{"line":181,"column":33}},"80":{"start":{"line":182,"column":14},"end":{"line":182,"column":78}},"81":{"start":{"line":185,"column":14},"end":{"line":185,"column":37}},"82":{"start":{"line":186,"column":14},"end":{"line":186,"column":32}},"83":{"start":{"line":188,"column":14},"end":{"line":193,"column":15}},"84":{"start":{"line":189,"column":16},"end":{"line":192,"column":19}},"85":{"start":{"line":195,"column":14},"end":{"line":200,"column":15}},"86":{"start":{"line":196,"column":16},"end":{"line":199,"column":19}},"87":{"start":{"line":202,"column":14},"end":{"line":202,"column":139}},"88":{"start":{"line":204,"column":14},"end":{"line":204,"column":88}},"89":{"start":{"line":205,"column":14},"end":{"line":214,"column":18}},"90":{"start":{"line":217,"column":14},"end":{"line":217,"column":34}},"91":{"start":{"line":218,"column":14},"end":{"line":218,"column":51}},"92":{"start":{"line":219,"column":14},"end":{"line":222,"column":18}},"93":{"start":{"line":226,"column":14},"end":{"line":226,"column":38}},"94":{"start":{"line":233,"column":6},"end":{"line":233,"column":43}},"95":{"start":{"line":236,"column":4},"end":{"line":236,"column":17}},"96":{"start":{"line":239,"column":15},"end":{"line":239,"column":19}},"97":{"start":{"line":240,"column":0},"end":{"line":240,"column":30}}},"fnMap":{"0":{"name":"_interopRequireDefault","decl":{"start":{"line":20,"column":9},"end":{"line":20,"column":31}},"loc":{"start":{"line":20,"column":37},"end":{"line":20,"column":97}},"line":20},"1":{"name":"asyncGeneratorStep","decl":{"start":{"line":22,"column":9},"end":{"line":22,"column":27}},"loc":{"start":{"line":22,"column":75},"end":{"line":22,"column":265}},"line":22},"2":{"name":"_asyncToGenerator","decl":{"start":{"line":24,"column":9},"end":{"line":24,"column":26}},"loc":{"start":{"line":24,"column":31},"end":{"line":24,"column":389}},"line":24},"3":{"name":"(anonymous_3)","decl":{"start":{"line":24,"column":40},"end":{"line":24,"column":41}},"loc":{"start":{"line":24,"column":52},"end":{"line":24,"column":386}},"line":24},"4":{"name":"(anonymous_4)","decl":{"start":{"line":24,"column":108},"end":{"line":24,"column":109}},"loc":{"start":{"line":24,"column":135},"end":{"line":24,"column":382}},"line":24},"5":{"name":"_next","decl":{"start":{"line":24,"column":178},"end":{"line":24,"column":183}},"loc":{"start":{"line":24,"column":191},"end":{"line":24,"column":266}},"line":24},"6":{"name":"_throw","decl":{"start":{"line":24,"column":276},"end":{"line":24,"column":282}},"loc":{"start":{"line":24,"column":288},"end":{"line":24,"column":362}},"line":24},"7":{"name":"(anonymous_7)","decl":{"start":{"line":33,"column":10},"end":{"line":33,"column":11}},"loc":{"start":{"line":33,"column":22},"end":{"line":140,"column":3}},"line":33},"8":{"name":"_callee","decl":{"start":{"line":36,"column":37},"end":{"line":36,"column":44}},"loc":{"start":{"line":36,"column":55},"end":{"line":133,"column":5}},"line":36},"9":{"name":"_callee$","decl":{"start":{"line":39,"column":46},"end":{"line":39,"column":54}},"loc":{"start":{"line":39,"column":65},"end":{"line":132,"column":7}},"line":39},"10":{"name":"create","decl":{"start":{"line":135,"column":13},"end":{"line":135,"column":19}},"loc":{"start":{"line":135,"column":29},"end":{"line":137,"column":5}},"line":135},"11":{"name":"(anonymous_11)","decl":{"start":{"line":148,"column":9},"end":{"line":148,"column":10}},"loc":{"start":{"line":148,"column":21},"end":{"line":237,"column":3}},"line":148},"12":{"name":"_callee2","decl":{"start":{"line":151,"column":37},"end":{"line":151,"column":45}},"loc":{"start":{"line":151,"column":56},"end":{"line":230,"column":5}},"line":151},"13":{"name":"_callee2$","decl":{"start":{"line":154,"column":46},"end":{"line":154,"column":55}},"loc":{"start":{"line":154,"column":67},"end":{"line":229,"column":7}},"line":154},"14":{"name":"login","decl":{"start":{"line":232,"column":13},"end":{"line":232,"column":18}},"loc":{"start":{"line":232,"column":29},"end":{"line":234,"column":5}},"line":232}},"branchMap":{"0":{"loc":{"start":{"line":20,"column":46},"end":{"line":20,"column":94}},"type":"cond-expr","locations":[{"start":{"line":20,"column":70},"end":{"line":20,"column":73}},{"start":{"line":20,"column":76},"end":{"line":20,"column":94}}],"line":20},"1":{"loc":{"start":{"line":20,"column":46},"end":{"line":20,"column":67}},"type":"binary-expr","locations":[{"start":{"line":20,"column":46},"end":{"line":20,"column":49}},{"start":{"line":20,"column":53},"end":{"line":20,"column":67}}],"line":20},"2":{"loc":{"start":{"line":22,"column":176},"end":{"line":22,"column":263}},"type":"if","locations":[{"start":{"line":22,"column":176},"end":{"line":22,"column":263}},{"start":{"line":22,"column":176},"end":{"line":22,"column":263}}],"line":22},"3":{"loc":{"start":{"line":41,"column":10},"end":{"line":130,"column":11}},"type":"switch","locations":[{"start":{"line":42,"column":12},"end":{"line":54,"column":18}},{"start":{"line":56,"column":12},"end":{"line":68,"column":18}},{"start":{"line":70,"column":12},"end":{"line":79,"column":18}},{"start":{"line":81,"column":12},"end":{"line":86,"column":69}},{"start":{"line":88,"column":12},"end":{"line":104,"column":18}},{"start":{"line":106,"column":12},"end":{"line":119,"column":18}},{"start":{"line":121,"column":12},"end":{"line":125,"column":18}},{"start":{"line":127,"column":12},"end":{"line":127,"column":20}},{"start":{"line":128,"column":12},"end":{"line":129,"column":37}}],"line":41},"4":{"loc":{"start":{"line":46,"column":14},"end":{"line":49,"column":15}},"type":"if","locations":[{"start":{"line":46,"column":14},"end":{"line":49,"column":15}},{"start":{"line":46,"column":14},"end":{"line":49,"column":15}}],"line":46},"5":{"loc":{"start":{"line":46,"column":20},"end":{"line":46,"column":68}},"type":"binary-expr","locations":[{"start":{"line":46,"column":20},"end":{"line":46,"column":31}},{"start":{"line":46,"column":35},"end":{"line":46,"column":45}},{"start":{"line":46,"column":49},"end":{"line":46,"column":55}},{"start":{"line":46,"column":59},"end":{"line":46,"column":68}}],"line":46},"6":{"loc":{"start":{"line":58,"column":14},"end":{"line":58,"column":49}},"type":"cond-expr","locations":[{"start":{"line":58,"column":26},"end":{"line":58,"column":42}},{"start":{"line":58,"column":45},"end":{"line":58,"column":49}}],"line":58},"7":{"loc":{"start":{"line":60,"column":14},"end":{"line":63,"column":15}},"type":"if","locations":[{"start":{"line":60,"column":14},"end":{"line":63,"column":15}},{"start":{"line":60,"column":14},"end":{"line":63,"column":15}}],"line":60},"8":{"loc":{"start":{"line":71,"column":14},"end":{"line":74,"column":15}},"type":"if","locations":[{"start":{"line":71,"column":14},"end":{"line":74,"column":15}},{"start":{"line":71,"column":14},"end":{"line":74,"column":15}}],"line":71},"9":{"loc":{"start":{"line":111,"column":14},"end":{"line":114,"column":15}},"type":"if","locations":[{"start":{"line":111,"column":14},"end":{"line":114,"column":15}},{"start":{"line":111,"column":14},"end":{"line":114,"column":15}}],"line":111},"10":{"loc":{"start":{"line":156,"column":10},"end":{"line":227,"column":11}},"type":"switch","locations":[{"start":{"line":157,"column":12},"end":{"line":166,"column":18}},{"start":{"line":168,"column":12},"end":{"line":177,"column":18}},{"start":{"line":179,"column":12},"end":{"line":182,"column":78}},{"start":{"line":184,"column":12},"end":{"line":214,"column":18}},{"start":{"line":216,"column":12},"end":{"line":222,"column":18}},{"start":{"line":224,"column":12},"end":{"line":224,"column":20}},{"start":{"line":225,"column":12},"end":{"line":226,"column":38}}],"line":156},"11":{"loc":{"start":{"line":158,"column":14},"end":{"line":161,"column":15}},"type":"if","locations":[{"start":{"line":158,"column":14},"end":{"line":161,"column":15}},{"start":{"line":158,"column":14},"end":{"line":161,"column":15}}],"line":158},"12":{"loc":{"start":{"line":158,"column":20},"end":{"line":158,"column":57}},"type":"binary-expr","locations":[{"start":{"line":158,"column":20},"end":{"line":158,"column":35}},{"start":{"line":158,"column":39},"end":{"line":158,"column":57}}],"line":158},"13":{"loc":{"start":{"line":169,"column":14},"end":{"line":172,"column":15}},"type":"if","locations":[{"start":{"line":169,"column":14},"end":{"line":172,"column":15}},{"start":{"line":169,"column":14},"end":{"line":172,"column":15}}],"line":169},"14":{"loc":{"start":{"line":188,"column":14},"end":{"line":193,"column":15}},"type":"if","locations":[{"start":{"line":188,"column":14},"end":{"line":193,"column":15}},{"start":{"line":188,"column":14},"end":{"line":193,"column":15}}],"line":188},"15":{"loc":{"start":{"line":195,"column":14},"end":{"line":200,"column":15}},"type":"if","locations":[{"start":{"line":195,"column":14},"end":{"line":200,"column":15}},{"start":{"line":195,"column":14},"end":{"line":200,"column":15}}],"line":195}},"s":{"0":1,"1":1,"2":1,"3":1,"4":1,"5":1,"6":1,"7":1,"8":5,"9":7,"10":7,"11":6,"12":1,"13":1,"14":6,"15":3,"16":3,"17":2,"18":4,"19":4,"20":4,"21":4,"22":7,"23":0,"24":4,"25":1,"26":1,"27":1,"28":3,"29":6,"30":1,"31":1,"32":1,"33":1,"34":1,"35":0,"36":1,"37":1,"38":1,"39":1,"40":0,"41":1,"42":1,"43":1,"44":0,"45":1,"46":1,"47":1,"48":1,"49":1,"50":1,"51":1,"52":1,"53":1,"54":1,"55":0,"56":0,"57":0,"58":0,"59":0,"60":0,"61":0,"62":0,"63":1,"64":1,"65":1,"66":1,"67":3,"68":9,"69":13,"70":3,"71":2,"72":2,"73":1,"74":2,"75":2,"76":2,"77":0,"78":2,"79":2,"80":2,"81":2,"82":2,"83":2,"84":1,"85":2,"86":0,"87":1,"88":1,"89":1,"90":1,"91":1,"92":1,"93":3,"94":3,"95":1,"96":1,"97":1},"f":{"0":5,"1":7,"2":2,"3":4,"4":4,"5":7,"6":0,"7":1,"8":1,"9":3,"10":1,"11":1,"12":3,"13":9,"14":3},"b":{"0":[4,1],"1":[5,5],"2":[3,3],"3":[1,1,1,1,1,0,0,0,1],"4":[1,0],"5":[1,1,1,1],"6":[1,0],"7":[1,0],"8":[1,0],"9":[0,0],"10":[3,2,2,2,1,0,3],"11":[2,1],"12":[3,2],"13":[2,0],"14":[1,1],"15":[0,1]},"_coverageSchema":"43e27e138ebf9cfc5966b082cf9a028302ed4184","hash":"93be50a216f4f77833b2a7f89062dba3a7b0bcf1","contentHash":"c9c184c59665cf4b00fda18f3e4dfb41a2cc5465d7dde8bf899c81270eea3fc3"},"C:\\Users\\Administrator\\Desktop\\way-farer\\WayFarer-API\\src\\model\\db.js":{"path":"C:\\Users\\Administrator\\Desktop\\way-farer\\WayFarer-API\\src\\model\\db.js","statementMap":{"0":{"start":{"line":3,"column":0},"end":{"line":5,"column":3}},"1":{"start":{"line":6,"column":0},"end":{"line":6,"column":28}},"2":{"start":{"line":8,"column":10},"end":{"line":8,"column":23}},"3":{"start":{"line":10,"column":14},"end":{"line":10,"column":55}},"4":{"start":{"line":12,"column":39},"end":{"line":12,"column":95}},"5":{"start":{"line":14,"column":0},"end":{"line":14,"column":28}},"6":{"start":{"line":16,"column":11},"end":{"line":18,"column":2}},"7":{"start":{"line":19,"column":15},"end":{"line":35,"column":1}},"8":{"start":{"line":27,"column":4},"end":{"line":33,"column":7}},"9":{"start":{"line":28,"column":6},"end":{"line":32,"column":9}},"10":{"start":{"line":29,"column":8},"end":{"line":29,"column":21}},"11":{"start":{"line":31,"column":8},"end":{"line":31,"column":20}},"12":{"start":{"line":36,"column":0},"end":{"line":36,"column":30}}},"fnMap":{"0":{"name":"_interopRequireDefault","decl":{"start":{"line":12,"column":9},"end":{"line":12,"column":31}},"loc":{"start":{"line":12,"column":37},"end":{"line":12,"column":97}},"line":12},"1":{"name":"query","decl":{"start":{"line":26,"column":18},"end":{"line":26,"column":23}},"loc":{"start":{"line":26,"column":38},"end":{"line":34,"column":3}},"line":26},"2":{"name":"(anonymous_2)","decl":{"start":{"line":27,"column":23},"end":{"line":27,"column":24}},"loc":{"start":{"line":27,"column":50},"end":{"line":33,"column":5}},"line":27},"3":{"name":"(anonymous_3)","decl":{"start":{"line":28,"column":36},"end":{"line":28,"column":37}},"loc":{"start":{"line":28,"column":51},"end":{"line":30,"column":7}},"line":28},"4":{"name":"(anonymous_4)","decl":{"start":{"line":30,"column":18},"end":{"line":30,"column":19}},"loc":{"start":{"line":30,"column":33},"end":{"line":32,"column":7}},"line":30}},"branchMap":{"0":{"loc":{"start":{"line":12,"column":46},"end":{"line":12,"column":94}},"type":"cond-expr","locations":[{"start":{"line":12,"column":70},"end":{"line":12,"column":73}},{"start":{"line":12,"column":76},"end":{"line":12,"column":94}}],"line":12},"1":{"loc":{"start":{"line":12,"column":46},"end":{"line":12,"column":67}},"type":"binary-expr","locations":[{"start":{"line":12,"column":46},"end":{"line":12,"column":49}},{"start":{"line":12,"column":53},"end":{"line":12,"column":67}}],"line":12}},"s":{"0":1,"1":1,"2":1,"3":1,"4":1,"5":1,"6":1,"7":1,"8":3,"9":3,"10":3,"11":0,"12":1},"f":{"0":1,"1":3,"2":3,"3":3,"4":0},"b":{"0":[0,1],"1":[1,1]},"_coverageSchema":"43e27e138ebf9cfc5966b082cf9a028302ed4184","hash":"75f739cd52d2a2bc4a3cf1ecfeeca635d3484d7d","contentHash":"74600eccf6f2c27c4c86cd5d8a14b42122bed8eb466ee7c476aff015f2da95ad"},"C:\\Users\\Administrator\\Desktop\\way-farer\\WayFarer-API\\src\\middleware\\Auth.js":{"path":"C:\\Users\\Administrator\\Desktop\\way-farer\\WayFarer-API\\src\\middleware\\Auth.js","statementMap":{"0":{"start":{"line":3,"column":0},"end":{"line":5,"column":3}},"1":{"start":{"line":6,"column":0},"end":{"line":6,"column":28}},"2":{"start":{"line":8,"column":20},"end":{"line":8,"column":67}},"3":{"start":{"line":10,"column":10},"end":{"line":10,"column":56}},"4":{"start":{"line":12,"column":39},"end":{"line":12,"column":95}},"5":{"start":{"line":14,"column":77},"end":{"line":14,"column":175}},"6":{"start":{"line":14,"column":94},"end":{"line":14,"column":107}},"7":{"start":{"line":14,"column":121},"end":{"line":14,"column":131}},"8":{"start":{"line":14,"column":151},"end":{"line":14,"column":165}},"9":{"start":{"line":14,"column":166},"end":{"line":14,"column":173}},"10":{"start":{"line":14,"column":176},"end":{"line":14,"column":263}},"11":{"start":{"line":14,"column":193},"end":{"line":14,"column":208}},"12":{"start":{"line":14,"column":218},"end":{"line":14,"column":261}},"13":{"start":{"line":16,"column":33},"end":{"line":16,"column":387}},"14":{"start":{"line":16,"column":65},"end":{"line":16,"column":69}},"15":{"start":{"line":16,"column":78},"end":{"line":16,"column":87}},"16":{"start":{"line":16,"column":89},"end":{"line":16,"column":384}},"17":{"start":{"line":16,"column":147},"end":{"line":16,"column":167}},"18":{"start":{"line":16,"column":193},"end":{"line":16,"column":264}},"19":{"start":{"line":16,"column":290},"end":{"line":16,"column":360}},"20":{"start":{"line":16,"column":363},"end":{"line":16,"column":380}},"21":{"start":{"line":18,"column":21},"end":{"line":121,"column":1}},"22":{"start":{"line":28,"column":16},"end":{"line":34,"column":6}},"23":{"start":{"line":36,"column":4},"end":{"line":36,"column":17}},"24":{"start":{"line":47,"column":24},"end":{"line":113,"column":7}},"25":{"start":{"line":52,"column":6},"end":{"line":112,"column":35}},"26":{"start":{"line":53,"column":8},"end":{"line":111,"column":9}},"27":{"start":{"line":54,"column":10},"end":{"line":110,"column":11}},"28":{"start":{"line":56,"column":14},"end":{"line":56,"column":40}},"29":{"start":{"line":57,"column":14},"end":{"line":57,"column":32}},"30":{"start":{"line":58,"column":14},"end":{"line":58,"column":32}},"31":{"start":{"line":59,"column":14},"end":{"line":59,"column":80}},"32":{"start":{"line":62,"column":14},"end":{"line":62,"column":38}},"33":{"start":{"line":63,"column":14},"end":{"line":63,"column":62}},"34":{"start":{"line":64,"column":14},"end":{"line":64,"column":32}},"35":{"start":{"line":65,"column":14},"end":{"line":65,"column":67}},"36":{"start":{"line":68,"column":14},"end":{"line":68,"column":35}},"37":{"start":{"line":69,"column":14},"end":{"line":69,"column":31}},"38":{"start":{"line":71,"column":14},"end":{"line":74,"column":15}},"39":{"start":{"line":72,"column":16},"end":{"line":72,"column":35}},"40":{"start":{"line":73,"column":16},"end":{"line":73,"column":22}},"41":{"start":{"line":76,"column":14},"end":{"line":79,"column":18}},"42":{"start":{"line":82,"column":14},"end":{"line":82,"column":41}},"43":{"start":{"line":83,"column":14},"end":{"line":83,"column":43}},"44":{"start":{"line":84,"column":14},"end":{"line":84,"column":55}},"45":{"start":{"line":87,"column":14},"end":{"line":87,"column":33}},"46":{"start":{"line":88,"column":14},"end":{"line":88,"column":49}},"47":{"start":{"line":89,"column":14},"end":{"line":89,"column":39}},"48":{"start":{"line":91,"column":14},"end":{"line":94,"column":15}},"49":{"start":{"line":92,"column":16},"end":{"line":92,"column":35}},"50":{"start":{"line":93,"column":16},"end":{"line":93,"column":22}},"51":{"start":{"line":96,"column":14},"end":{"line":99,"column":18}},"52":{"start":{"line":102,"column":14},"end":{"line":105,"column":18}},"53":{"start":{"line":109,"column":14},"end":{"line":109,"column":37}},"54":{"start":{"line":116,"column":6},"end":{"line":116,"column":50}},"55":{"start":{"line":119,"column":4},"end":{"line":119,"column":24}},"56":{"start":{"line":122,"column":15},"end":{"line":122,"column":29}},"57":{"start":{"line":123,"column":0},"end":{"line":123,"column":30}}},"fnMap":{"0":{"name":"_interopRequireDefault","decl":{"start":{"line":12,"column":9},"end":{"line":12,"column":31}},"loc":{"start":{"line":12,"column":37},"end":{"line":12,"column":97}},"line":12},"1":{"name":"asyncGeneratorStep","decl":{"start":{"line":14,"column":9},"end":{"line":14,"column":27}},"loc":{"start":{"line":14,"column":75},"end":{"line":14,"column":265}},"line":14},"2":{"name":"_asyncToGenerator","decl":{"start":{"line":16,"column":9},"end":{"line":16,"column":26}},"loc":{"start":{"line":16,"column":31},"end":{"line":16,"column":389}},"line":16},"3":{"name":"(anonymous_3)","decl":{"start":{"line":16,"column":40},"end":{"line":16,"column":41}},"loc":{"start":{"line":16,"column":52},"end":{"line":16,"column":386}},"line":16},"4":{"name":"(anonymous_4)","decl":{"start":{"line":16,"column":108},"end":{"line":16,"column":109}},"loc":{"start":{"line":16,"column":135},"end":{"line":16,"column":382}},"line":16},"5":{"name":"_next","decl":{"start":{"line":16,"column":178},"end":{"line":16,"column":183}},"loc":{"start":{"line":16,"column":191},"end":{"line":16,"column":266}},"line":16},"6":{"name":"_throw","decl":{"start":{"line":16,"column":276},"end":{"line":16,"column":282}},"loc":{"start":{"line":16,"column":288},"end":{"line":16,"column":362}},"line":16},"7":{"name":"generate_token","decl":{"start":{"line":27,"column":27},"end":{"line":27,"column":41}},"loc":{"start":{"line":27,"column":68},"end":{"line":37,"column":3}},"line":27},"8":{"name":"(anonymous_8)","decl":{"start":{"line":46,"column":16},"end":{"line":46,"column":17}},"loc":{"start":{"line":46,"column":28},"end":{"line":120,"column":3}},"line":46},"9":{"name":"_callee","decl":{"start":{"line":49,"column":37},"end":{"line":49,"column":44}},"loc":{"start":{"line":49,"column":61},"end":{"line":113,"column":5}},"line":49},"10":{"name":"_callee$","decl":{"start":{"line":52,"column":46},"end":{"line":52,"column":54}},"loc":{"start":{"line":52,"column":65},"end":{"line":112,"column":7}},"line":52},"11":{"name":"verify_token","decl":{"start":{"line":115,"column":13},"end":{"line":115,"column":25}},"loc":{"start":{"line":115,"column":40},"end":{"line":117,"column":5}},"line":115}},"branchMap":{"0":{"loc":{"start":{"line":12,"column":46},"end":{"line":12,"column":94}},"type":"cond-expr","locations":[{"start":{"line":12,"column":70},"end":{"line":12,"column":73}},{"start":{"line":12,"column":76},"end":{"line":12,"column":94}}],"line":12},"1":{"loc":{"start":{"line":12,"column":46},"end":{"line":12,"column":67}},"type":"binary-expr","locations":[{"start":{"line":12,"column":46},"end":{"line":12,"column":49}},{"start":{"line":12,"column":53},"end":{"line":12,"column":67}}],"line":12},"2":{"loc":{"start":{"line":14,"column":176},"end":{"line":14,"column":263}},"type":"if","locations":[{"start":{"line":14,"column":176},"end":{"line":14,"column":263}},{"start":{"line":14,"column":176},"end":{"line":14,"column":263}}],"line":14},"3":{"loc":{"start":{"line":54,"column":10},"end":{"line":110,"column":11}},"type":"switch","locations":[{"start":{"line":55,"column":12},"end":{"line":59,"column":80}},{"start":{"line":61,"column":12},"end":{"line":65,"column":67}},{"start":{"line":67,"column":12},"end":{"line":79,"column":18}},{"start":{"line":81,"column":12},"end":{"line":84,"column":55}},{"start":{"line":86,"column":12},"end":{"line":99,"column":18}},{"start":{"line":101,"column":12},"end":{"line":105,"column":18}},{"start":{"line":107,"column":12},"end":{"line":107,"column":20}},{"start":{"line":108,"column":12},"end":{"line":109,"column":37}}],"line":54},"4":{"loc":{"start":{"line":71,"column":14},"end":{"line":74,"column":15}},"type":"if","locations":[{"start":{"line":71,"column":14},"end":{"line":74,"column":15}},{"start":{"line":71,"column":14},"end":{"line":74,"column":15}}],"line":71},"5":{"loc":{"start":{"line":91,"column":14},"end":{"line":94,"column":15}},"type":"if","locations":[{"start":{"line":91,"column":14},"end":{"line":94,"column":15}},{"start":{"line":91,"column":14},"end":{"line":94,"column":15}}],"line":91}},"s":{"0":1,"1":1,"2":1,"3":1,"4":2,"5":0,"6":0,"7":0,"8":0,"9":0,"10":0,"11":0,"12":0,"13":1,"14":0,"15":0,"16":0,"17":0,"18":0,"19":0,"20":0,"21":1,"22":2,"23":2,"24":1,"25":0,"26":0,"27":0,"28":0,"29":0,"30":0,"31":0,"32":0,"33":0,"34":0,"35":0,"36":0,"37":0,"38":0,"39":0,"40":0,"41":0,"42":0,"43":0,"44":0,"45":0,"46":0,"47":0,"48":0,"49":0,"50":0,"51":0,"52":0,"53":0,"54":0,"55":1,"56":1,"57":1},"f":{"0":2,"1":0,"2":1,"3":0,"4":0,"5":0,"6":0,"7":2,"8":1,"9":0,"10":0,"11":0},"b":{"0":[1,1],"1":[2,2],"2":[0,0],"3":[0,0,0,0,0,0,0,0],"4":[0,0],"5":[0,0]},"_coverageSchema":"43e27e138ebf9cfc5966b082cf9a028302ed4184","hash":"f578429d49e86b98d5f3a061771b2e71ed48da45","contentHash":"888a27f04ab771e4b7f6ea9ea0471c7543cf4a3cb8376c7d28857c2239024951"},"C:\\Users\\Administrator\\Desktop\\way-farer\\WayFarer-API\\src\\helper\\Helper.js":{"path":"C:\\Users\\Administrator\\Desktop\\way-farer\\WayFarer-API\\src\\helper\\Helper.js","statementMap":{"0":{"start":{"line":3,"column":0},"end":{"line":5,"column":3}},"1":{"start":{"line":6,"column":0},"end":{"line":6,"column":28}},"2":{"start":{"line":8,"column":14},"end":{"line":8,"column":55}},"3":{"start":{"line":10,"column":39},"end":{"line":10,"column":95}},"4":{"start":{"line":13,"column":13},"end":{"line":32,"column":1}},"5":{"start":{"line":20,"column":4},"end":{"line":20,"column":84}},"6":{"start":{"line":30,"column":4},"end":{"line":30,"column":67}},"7":{"start":{"line":33,"column":15},"end":{"line":33,"column":21}},"8":{"start":{"line":34,"column":0},"end":{"line":34,"column":30}}},"fnMap":{"0":{"name":"_interopRequireDefault","decl":{"start":{"line":10,"column":9},"end":{"line":10,"column":31}},"loc":{"start":{"line":10,"column":37},"end":{"line":10,"column":97}},"line":10},"1":{"name":"hash_password","decl":{"start":{"line":19,"column":26},"end":{"line":19,"column":39}},"loc":{"start":{"line":19,"column":50},"end":{"line":21,"column":3}},"line":19},"2":{"name":"compare_password","decl":{"start":{"line":29,"column":29},"end":{"line":29,"column":45}},"loc":{"start":{"line":29,"column":71},"end":{"line":31,"column":3}},"line":29}},"branchMap":{"0":{"loc":{"start":{"line":10,"column":46},"end":{"line":10,"column":94}},"type":"cond-expr","locations":[{"start":{"line":10,"column":70},"end":{"line":10,"column":73}},{"start":{"line":10,"column":76},"end":{"line":10,"column":94}}],"line":10},"1":{"loc":{"start":{"line":10,"column":46},"end":{"line":10,"column":67}},"type":"binary-expr","locations":[{"start":{"line":10,"column":46},"end":{"line":10,"column":49}},{"start":{"line":10,"column":53},"end":{"line":10,"column":67}}],"line":10}},"s":{"0":1,"1":1,"2":1,"3":1,"4":1,"5":1,"6":1,"7":1,"8":1},"f":{"0":1,"1":1,"2":1},"b":{"0":[0,1],"1":[1,1]},"_coverageSchema":"43e27e138ebf9cfc5966b082cf9a028302ed4184","hash":"77cdb4aab40640e2914ea8ed15cc6e588cb11383","contentHash":"18cbaea2444adb4bd8162291e1a68c9a258c4f5ac822b2daae41caa1e33576fc"},"C:\\Users\\Administrator\\Desktop\\way-farer\\WayFarer-API\\src\\helper\\validate.js":{"path":"C:\\Users\\Administrator\\Desktop\\way-farer\\WayFarer-API\\src\\helper\\validate.js","statementMap":{"0":{"start":{"line":3,"column":0},"end":{"line":5,"column":3}},"1":{"start":{"line":6,"column":0},"end":{"line":6,"column":28}},"2":{"start":{"line":9,"column":15},"end":{"line":16,"column":1}},"3":{"start":{"line":11,"column":4},"end":{"line":11,"column":38}},"4":{"start":{"line":14,"column":4},"end":{"line":14,"column":38}},"5":{"start":{"line":17,"column":15},"end":{"line":17,"column":23}},"6":{"start":{"line":18,"column":0},"end":{"line":18,"column":30}}},"fnMap":{"0":{"name":"isValidEmail","decl":{"start":{"line":10,"column":25},"end":{"line":10,"column":37}},"loc":{"start":{"line":10,"column":45},"end":{"line":12,"column":3}},"line":10},"1":{"name":"passwordLength","decl":{"start":{"line":13,"column":27},"end":{"line":13,"column":41}},"loc":{"start":{"line":13,"column":52},"end":{"line":15,"column":3}},"line":13}},"branchMap":{},"s":{"0":1,"1":1,"2":1,"3":3,"4":1,"5":1,"6":1},"f":{"0":3,"1":1},"b":{},"_coverageSchema":"43e27e138ebf9cfc5966b082cf9a028302ed4184","hash":"af974fca56342e8378c568f56fca8e8e5fd2ec5b","contentHash":"0a17f84eebeb75b099173c9dec4f6120b709d91b972bb9b6ef3c0fed038447c0"},"C:\\Users\\Administrator\\Desktop\\way-farer\\WayFarer-API\\src\\model\\user.model.js":{"path":"C:\\Users\\Administrator\\Desktop\\way-farer\\WayFarer-API\\src\\model\\user.model.js","statementMap":{"0":{"start":{"line":3,"column":0},"end":{"line":5,"column":3}},"1":{"start":{"line":6,"column":0},"end":{"line":6,"column":104}},"2":{"start":{"line":8,"column":13},"end":{"line":8,"column":53}},"3":{"start":{"line":10,"column":39},"end":{"line":10,"column":95}},"4":{"start":{"line":12,"column":77},"end":{"line":12,"column":175}},"5":{"start":{"line":12,"column":94},"end":{"line":12,"column":107}},"6":{"start":{"line":12,"column":121},"end":{"line":12,"column":131}},"7":{"start":{"line":12,"column":151},"end":{"line":12,"column":165}},"8":{"start":{"line":12,"column":166},"end":{"line":12,"column":173}},"9":{"start":{"line":12,"column":176},"end":{"line":12,"column":263}},"10":{"start":{"line":12,"column":193},"end":{"line":12,"column":208}},"11":{"start":{"line":12,"column":218},"end":{"line":12,"column":261}},"12":{"start":{"line":14,"column":33},"end":{"line":14,"column":387}},"13":{"start":{"line":14,"column":65},"end":{"line":14,"column":69}},"14":{"start":{"line":14,"column":78},"end":{"line":14,"column":87}},"15":{"start":{"line":14,"column":89},"end":{"line":14,"column":384}},"16":{"start":{"line":14,"column":147},"end":{"line":14,"column":167}},"17":{"start":{"line":14,"column":193},"end":{"line":14,"column":264}},"18":{"start":{"line":14,"column":290},"end":{"line":14,"column":360}},"19":{"start":{"line":14,"column":363},"end":{"line":14,"column":380}},"20":{"start":{"line":16,"column":15},"end":{"line":16,"column":28}},"21":{"start":{"line":17,"column":11},"end":{"line":17,"column":24}},"22":{"start":{"line":19,"column":13},"end":{"line":19,"column":30}},"23":{"start":{"line":21,"column":0},"end":{"line":21,"column":16}},"24":{"start":{"line":22,"column":13},"end":{"line":22,"column":42}},"25":{"start":{"line":23,"column":11},"end":{"line":25,"column":2}},"26":{"start":{"line":26,"column":0},"end":{"line":28,"column":3}},"27":{"start":{"line":27,"column":2},"end":{"line":27,"column":32}},"28":{"start":{"line":30,"column":24},"end":{"line":41,"column":1}},"29":{"start":{"line":32,"column":14},"end":{"line":32,"column":377}},"30":{"start":{"line":33,"column":2},"end":{"line":40,"column":5}},"31":{"start":{"line":34,"column":4},"end":{"line":34,"column":16}},"32":{"start":{"line":35,"column":4},"end":{"line":35,"column":20}},"33":{"start":{"line":36,"column":4},"end":{"line":36,"column":15}},"34":{"start":{"line":38,"column":4},"end":{"line":38,"column":16}},"35":{"start":{"line":39,"column":4},"end":{"line":39,"column":15}},"36":{"start":{"line":48,"column":0},"end":{"line":48,"column":46}},"37":{"start":{"line":52,"column":0},"end":{"line":99,"column":3}},"38":{"start":{"line":53,"column":13},"end":{"line":94,"column":5}},"39":{"start":{"line":57,"column":4},"end":{"line":93,"column":41}},"40":{"start":{"line":58,"column":6},"end":{"line":92,"column":7}},"41":{"start":{"line":59,"column":8},"end":{"line":91,"column":9}},"42":{"start":{"line":61,"column":12},"end":{"line":61,"column":30}},"43":{"start":{"line":62,"column":12},"end":{"line":62,"column":34}},"44":{"start":{"line":65,"column":12},"end":{"line":65,"column":35}},"45":{"start":{"line":66,"column":12},"end":{"line":66,"column":53}},"46":{"start":{"line":67,"column":12},"end":{"line":67,"column":30}},"47":{"start":{"line":68,"column":12},"end":{"line":68,"column":43}},"48":{"start":{"line":69,"column":12},"end":{"line":69,"column":30}},"49":{"start":{"line":70,"column":12},"end":{"line":70,"column":43}},"50":{"start":{"line":73,"column":12},"end":{"line":73,"column":37}},"51":{"start":{"line":74,"column":12},"end":{"line":74,"column":29}},"52":{"start":{"line":75,"column":12},"end":{"line":75,"column":31}},"53":{"start":{"line":76,"column":12},"end":{"line":76,"column":18}},"54":{"start":{"line":79,"column":12},"end":{"line":79,"column":31}},"55":{"start":{"line":80,"column":12},"end":{"line":80,"column":47}},"56":{"start":{"line":81,"column":12},"end":{"line":81,"column":32}},"57":{"start":{"line":84,"column":12},"end":{"line":84,"column":31}},"58":{"start":{"line":85,"column":12},"end":{"line":85,"column":29}},"59":{"start":{"line":86,"column":12},"end":{"line":86,"column":39}},"60":{"start":{"line":90,"column":12},"end":{"line":90,"column":35}},"61":{"start":{"line":96,"column":2},"end":{"line":98,"column":4}},"62":{"start":{"line":97,"column":4},"end":{"line":97,"column":39}},"63":{"start":{"line":101,"column":0},"end":{"line":101,"column":42}},"64":{"start":{"line":102,"column":18},"end":{"line":102,"column":183}},"65":{"start":{"line":103,"column":0},"end":{"line":103,"column":34}},"66":{"start":{"line":104,"column":17},"end":{"line":104,"column":55}},"67":{"start":{"line":105,"column":0},"end":{"line":105,"column":32}},"68":{"start":{"line":106,"column":0},"end":{"line":109,"column":3}},"69":{"start":{"line":107,"column":2},"end":{"line":107,"column":11}},"70":{"start":{"line":108,"column":2},"end":{"line":108,"column":18}}},"fnMap":{"0":{"name":"_interopRequireDefault","decl":{"start":{"line":10,"column":9},"end":{"line":10,"column":31}},"loc":{"start":{"line":10,"column":37},"end":{"line":10,"column":97}},"line":10},"1":{"name":"asyncGeneratorStep","decl":{"start":{"line":12,"column":9},"end":{"line":12,"column":27}},"loc":{"start":{"line":12,"column":75},"end":{"line":12,"column":265}},"line":12},"2":{"name":"_asyncToGenerator","decl":{"start":{"line":14,"column":9},"end":{"line":14,"column":26}},"loc":{"start":{"line":14,"column":31},"end":{"line":14,"column":389}},"line":14},"3":{"name":"(anonymous_3)","decl":{"start":{"line":14,"column":40},"end":{"line":14,"column":41}},"loc":{"start":{"line":14,"column":52},"end":{"line":14,"column":386}},"line":14},"4":{"name":"(anonymous_4)","decl":{"start":{"line":14,"column":108},"end":{"line":14,"column":109}},"loc":{"start":{"line":14,"column":135},"end":{"line":14,"column":382}},"line":14},"5":{"name":"_next","decl":{"start":{"line":14,"column":178},"end":{"line":14,"column":183}},"loc":{"start":{"line":14,"column":191},"end":{"line":14,"column":266}},"line":14},"6":{"name":"_throw","decl":{"start":{"line":14,"column":276},"end":{"line":14,"column":282}},"loc":{"start":{"line":14,"column":288},"end":{"line":14,"column":362}},"line":14},"7":{"name":"(anonymous_7)","decl":{"start":{"line":26,"column":19},"end":{"line":26,"column":20}},"loc":{"start":{"line":26,"column":31},"end":{"line":28,"column":1}},"line":26},"8":{"name":"create_user_table","decl":{"start":{"line":30,"column":33},"end":{"line":30,"column":50}},"loc":{"start":{"line":30,"column":53},"end":{"line":41,"column":1}},"line":30},"9":{"name":"(anonymous_9)","decl":{"start":{"line":33,"column":25},"end":{"line":33,"column":26}},"loc":{"start":{"line":33,"column":40},"end":{"line":37,"column":3}},"line":33},"10":{"name":"(anonymous_10)","decl":{"start":{"line":37,"column":14},"end":{"line":37,"column":15}},"loc":{"start":{"line":37,"column":29},"end":{"line":40,"column":3}},"line":37},"11":{"name":"(anonymous_11)","decl":{"start":{"line":52,"column":0},"end":{"line":52,"column":1}},"loc":{"start":{"line":52,"column":12},"end":{"line":99,"column":1}},"line":52},"12":{"name":"_callee","decl":{"start":{"line":55,"column":35},"end":{"line":55,"column":42}},"loc":{"start":{"line":55,"column":45},"end":{"line":94,"column":3}},"line":55},"13":{"name":"_callee$","decl":{"start":{"line":57,"column":44},"end":{"line":57,"column":52}},"loc":{"start":{"line":57,"column":63},"end":{"line":93,"column":5}},"line":57},"14":{"name":"drop_user_table","decl":{"start":{"line":96,"column":18},"end":{"line":96,"column":33}},"loc":{"start":{"line":96,"column":36},"end":{"line":98,"column":3}},"line":96},"15":{"name":"(anonymous_15)","decl":{"start":{"line":106,"column":18},"end":{"line":106,"column":19}},"loc":{"start":{"line":106,"column":30},"end":{"line":109,"column":1}},"line":106}},"branchMap":{"0":{"loc":{"start":{"line":10,"column":46},"end":{"line":10,"column":94}},"type":"cond-expr","locations":[{"start":{"line":10,"column":70},"end":{"line":10,"column":73}},{"start":{"line":10,"column":76},"end":{"line":10,"column":94}}],"line":10},"1":{"loc":{"start":{"line":10,"column":46},"end":{"line":10,"column":67}},"type":"binary-expr","locations":[{"start":{"line":10,"column":46},"end":{"line":10,"column":49}},{"start":{"line":10,"column":53},"end":{"line":10,"column":67}}],"line":10},"2":{"loc":{"start":{"line":12,"column":176},"end":{"line":12,"column":263}},"type":"if","locations":[{"start":{"line":12,"column":176},"end":{"line":12,"column":263}},{"start":{"line":12,"column":176},"end":{"line":12,"column":263}}],"line":12},"3":{"loc":{"start":{"line":59,"column":8},"end":{"line":91,"column":9}},"type":"switch","locations":[{"start":{"line":60,"column":10},"end":{"line":62,"column":34}},{"start":{"line":64,"column":10},"end":{"line":70,"column":43}},{"start":{"line":72,"column":10},"end":{"line":76,"column":18}},{"start":{"line":78,"column":10},"end":{"line":81,"column":32}},{"start":{"line":83,"column":10},"end":{"line":86,"column":39}},{"start":{"line":88,"column":10},"end":{"line":88,"column":18}},{"start":{"line":89,"column":10},"end":{"line":90,"column":35}}],"line":59}},"s":{"0":1,"1":1,"2":1,"3":1,"4":0,"5":0,"6":0,"7":0,"8":0,"9":0,"10":0,"11":0,"12":1,"13":0,"14":0,"15":0,"16":0,"17":0,"18":0,"19":0,"20":1,"21":1,"22":1,"23":1,"24":1,"25":1,"26":1,"27":0,"28":1,"29":0,"30":0,"31":0,"32":0,"33":0,"34":0,"35":0,"36":1,"37":1,"38":1,"39":0,"40":0,"41":0,"42":0,"43":0,"44":0,"45":0,"46":0,"47":0,"48":0,"49":0,"50":0,"51":0,"52":0,"53":0,"54":0,"55":0,"56":0,"57":0,"58":0,"59":0,"60":0,"61":1,"62":0,"63":1,"64":1,"65":1,"66":1,"67":1,"68":1,"69":0,"70":0},"f":{"0":1,"1":0,"2":1,"3":0,"4":0,"5":0,"6":0,"7":0,"8":0,"9":0,"10":0,"11":1,"12":0,"13":0,"14":0,"15":0},"b":{"0":[0,1],"1":[1,1],"2":[0,0],"3":[0,0,0,0,0,0,0]},"_coverageSchema":"43e27e138ebf9cfc5966b082cf9a028302ed4184","hash":"f8caf3d5676b38607a20a20c5ee90666c2eb0106","contentHash":"3bbf9317f5ae58a95d38b52db0020d7b1eaec0560b87d4e8f4bd8b02da835a6e"},"C:\\Users\\Administrator\\Desktop\\way-farer\\WayFarer-API\\src\\routes\\trip.route.js":{"path":"C:\\Users\\Administrator\\Desktop\\way-farer\\WayFarer-API\\src\\routes\\trip.route.js","statementMap":{"0":{"start":{"line":3,"column":0},"end":{"line":5,"column":3}},"1":{"start":{"line":6,"column":0},"end":{"line":6,"column":28}},"2":{"start":{"line":8,"column":15},"end":{"line":8,"column":57}},"3":{"start":{"line":10,"column":12},"end":{"line":10,"column":76}},"4":{"start":{"line":12,"column":12},"end":{"line":12,"column":65}},"5":{"start":{"line":14,"column":39},"end":{"line":14,"column":95}},"6":{"start":{"line":16,"column":13},"end":{"line":16,"column":41}},"7":{"start":{"line":18,"column":0},"end":{"line":18,"column":83}},"8":{"start":{"line":19,"column":0},"end":{"line":19,"column":82}},"9":{"start":{"line":20,"column":0},"end":{"line":20,"column":88}},"10":{"start":{"line":21,"column":15},"end":{"line":21,"column":21}},"11":{"start":{"line":22,"column":0},"end":{"line":22,"column":30}}},"fnMap":{"0":{"name":"_interopRequireDefault","decl":{"start":{"line":14,"column":9},"end":{"line":14,"column":31}},"loc":{"start":{"line":14,"column":37},"end":{"line":14,"column":97}},"line":14}},"branchMap":{"0":{"loc":{"start":{"line":14,"column":46},"end":{"line":14,"column":94}},"type":"cond-expr","locations":[{"start":{"line":14,"column":70},"end":{"line":14,"column":73}},{"start":{"line":14,"column":76},"end":{"line":14,"column":94}}],"line":14},"1":{"loc":{"start":{"line":14,"column":46},"end":{"line":14,"column":67}},"type":"binary-expr","locations":[{"start":{"line":14,"column":46},"end":{"line":14,"column":49}},{"start":{"line":14,"column":53},"end":{"line":14,"column":67}}],"line":14}},"s":{"0":1,"1":1,"2":1,"3":1,"4":1,"5":3,"6":1,"7":1,"8":1,"9":1,"10":1,"11":1},"f":{"0":3},"b":{"0":[2,1],"1":[3,3]},"_coverageSchema":"43e27e138ebf9cfc5966b082cf9a028302ed4184","hash":"844f2c595722fb76fe83770fb4d309e0ec3845fa","contentHash":"4b4830dca256da537c852709828b7302e4d18529cca8a367984cec684aaa6511"},"C:\\Users\\Administrator\\Desktop\\way-farer\\WayFarer-API\\src\\controller\\trip.controller.js":{"path":"C:\\Users\\Administrator\\Desktop\\way-farer\\WayFarer-API\\src\\controller\\trip.controller.js","statementMap":{"0":{"start":{"line":3,"column":0},"end":{"line":5,"column":3}},"1":{"start":{"line":6,"column":0},"end":{"line":6,"column":28}},"2":{"start":{"line":8,"column":14},"end":{"line":8,"column":55}},"3":{"start":{"line":10,"column":10},"end":{"line":10,"column":56}},"4":{"start":{"line":12,"column":12},"end":{"line":12,"column":42}},"5":{"start":{"line":14,"column":39},"end":{"line":14,"column":95}},"6":{"start":{"line":16,"column":77},"end":{"line":16,"column":175}},"7":{"start":{"line":16,"column":94},"end":{"line":16,"column":107}},"8":{"start":{"line":16,"column":121},"end":{"line":16,"column":131}},"9":{"start":{"line":16,"column":151},"end":{"line":16,"column":165}},"10":{"start":{"line":16,"column":166},"end":{"line":16,"column":173}},"11":{"start":{"line":16,"column":176},"end":{"line":16,"column":263}},"12":{"start":{"line":16,"column":193},"end":{"line":16,"column":208}},"13":{"start":{"line":16,"column":218},"end":{"line":16,"column":261}},"14":{"start":{"line":18,"column":33},"end":{"line":18,"column":387}},"15":{"start":{"line":18,"column":65},"end":{"line":18,"column":69}},"16":{"start":{"line":18,"column":78},"end":{"line":18,"column":87}},"17":{"start":{"line":18,"column":89},"end":{"line":18,"column":384}},"18":{"start":{"line":18,"column":147},"end":{"line":18,"column":167}},"19":{"start":{"line":18,"column":193},"end":{"line":18,"column":264}},"20":{"start":{"line":18,"column":290},"end":{"line":18,"column":360}},"21":{"start":{"line":18,"column":363},"end":{"line":18,"column":380}},"22":{"start":{"line":20,"column":11},"end":{"line":269,"column":1}},"23":{"start":{"line":28,"column":23},"end":{"line":140,"column":7}},"24":{"start":{"line":33,"column":6},"end":{"line":139,"column":35}},"25":{"start":{"line":34,"column":8},"end":{"line":138,"column":9}},"26":{"start":{"line":35,"column":10},"end":{"line":137,"column":11}},"27":{"start":{"line":37,"column":14},"end":{"line":40,"column":15}},"28":{"start":{"line":38,"column":16},"end":{"line":38,"column":34}},"29":{"start":{"line":39,"column":16},"end":{"line":39,"column":22}},"30":{"start":{"line":42,"column":14},"end":{"line":45,"column":18}},"31":{"start":{"line":49,"column":14},"end":{"line":49,"column":182}},"32":{"start":{"line":51,"column":14},"end":{"line":51,"column":39}},"33":{"start":{"line":53,"column":14},"end":{"line":56,"column":15}},"34":{"start":{"line":54,"column":16},"end":{"line":54,"column":34}},"35":{"start":{"line":55,"column":16},"end":{"line":55,"column":22}},"36":{"start":{"line":58,"column":14},"end":{"line":58,"column":35}},"37":{"start":{"line":59,"column":14},"end":{"line":59,"column":58}},"38":{"start":{"line":62,"column":14},"end":{"line":62,"column":104}},"39":{"start":{"line":63,"column":14},"end":{"line":63,"column":32}},"40":{"start":{"line":64,"column":14},"end":{"line":64,"column":33}},"41":{"start":{"line":65,"column":14},"end":{"line":65,"column":97}},"42":{"start":{"line":68,"column":14},"end":{"line":68,"column":34}},"43":{"start":{"line":70,"column":14},"end":{"line":73,"column":15}},"44":{"start":{"line":71,"column":16},"end":{"line":71,"column":35}},"45":{"start":{"line":72,"column":16},"end":{"line":72,"column":22}},"46":{"start":{"line":75,"column":14},"end":{"line":78,"column":18}},"47":{"start":{"line":81,"column":14},"end":{"line":81,"column":33}},"48":{"start":{"line":82,"column":14},"end":{"line":82,"column":75}},"49":{"start":{"line":85,"column":14},"end":{"line":85,"column":35}},"50":{"start":{"line":86,"column":14},"end":{"line":86,"column":31}},"51":{"start":{"line":87,"column":14},"end":{"line":87,"column":40}},"52":{"start":{"line":88,"column":14},"end":{"line":88,"column":27}},"53":{"start":{"line":89,"column":14},"end":{"line":100,"column":18}},"54":{"start":{"line":103,"column":14},"end":{"line":103,"column":33}},"55":{"start":{"line":104,"column":14},"end":{"line":104,"column":49}},"56":{"start":{"line":105,"column":14},"end":{"line":105,"column":39}},"57":{"start":{"line":107,"column":14},"end":{"line":110,"column":15}},"58":{"start":{"line":108,"column":16},"end":{"line":108,"column":35}},"59":{"start":{"line":109,"column":16},"end":{"line":109,"column":22}},"60":{"start":{"line":112,"column":14},"end":{"line":115,"column":18}},"61":{"start":{"line":118,"column":14},"end":{"line":121,"column":15}},"62":{"start":{"line":119,"column":16},"end":{"line":119,"column":35}},"63":{"start":{"line":120,"column":16},"end":{"line":120,"column":22}},"64":{"start":{"line":123,"column":14},"end":{"line":126,"column":18}},"65":{"start":{"line":129,"column":14},"end":{"line":132,"column":18}},"66":{"start":{"line":136,"column":14},"end":{"line":136,"column":37}},"67":{"start":{"line":143,"column":6},"end":{"line":143,"column":49}},"68":{"start":{"line":146,"column":4},"end":{"line":146,"column":23}},"69":{"start":{"line":157,"column":23},"end":{"line":192,"column":7}},"70":{"start":{"line":162,"column":6},"end":{"line":191,"column":35}},"71":{"start":{"line":163,"column":8},"end":{"line":190,"column":9}},"72":{"start":{"line":164,"column":10},"end":{"line":189,"column":11}},"73":{"start":{"line":166,"column":14},"end":{"line":166,"column":33}},"74":{"start":{"line":167,"column":14},"end":{"line":167,"column":33}},"75":{"start":{"line":168,"column":14},"end":{"line":168,"column":68}},"76":{"start":{"line":171,"column":14},"end":{"line":171,"column":37}},"77":{"start":{"line":172,"column":14},"end":{"line":172,"column":32}},"78":{"start":{"line":173,"column":14},"end":{"line":176,"column":18}},"79":{"start":{"line":179,"column":14},"end":{"line":179,"column":33}},"80":{"start":{"line":180,"column":14},"end":{"line":180,"column":51}},"81":{"start":{"line":181,"column":14},"end":{"line":184,"column":18}},"82":{"start":{"line":188,"column":14},"end":{"line":188,"column":38}},"83":{"start":{"line":195,"column":6},"end":{"line":195,"column":49}},"84":{"start":{"line":198,"column":4},"end":{"line":198,"column":23}},"85":{"start":{"line":201,"column":23},"end":{"line":261,"column":7}},"86":{"start":{"line":206,"column":6},"end":{"line":260,"column":36}},"87":{"start":{"line":207,"column":8},"end":{"line":259,"column":9}},"88":{"start":{"line":208,"column":10},"end":{"line":258,"column":11}},"89":{"start":{"line":210,"column":14},"end":{"line":213,"column":15}},"90":{"start":{"line":211,"column":16},"end":{"line":211,"column":35}},"91":{"start":{"line":212,"column":16},"end":{"line":212,"column":22}},"92":{"start":{"line":215,"column":14},"end":{"line":218,"column":18}},"93":{"start":{"line":221,"column":14},"end":{"line":221,"column":33}},"94":{"start":{"line":222,"column":14},"end":{"line":222,"column":63}},"95":{"start":{"line":223,"column":14},"end":{"line":223,"column":33}},"96":{"start":{"line":224,"column":14},"end":{"line":224,"column":77}},"97":{"start":{"line":227,"column":14},"end":{"line":227,"column":37}},"98":{"start":{"line":228,"column":14},"end":{"line":228,"column":32}},"99":{"start":{"line":230,"column":14},"end":{"line":233,"column":15}},"100":{"start":{"line":231,"column":16},"end":{"line":231,"column":36}},"101":{"start":{"line":232,"column":16},"end":{"line":232,"column":22}},"102":{"start":{"line":235,"column":14},"end":{"line":238,"column":18}},"103":{"start":{"line":241,"column":14},"end":{"line":245,"column":18}},"104":{"start":{"line":248,"column":14},"end":{"line":248,"column":34}},"105":{"start":{"line":249,"column":14},"end":{"line":249,"column":51}},"106":{"start":{"line":250,"column":14},"end":{"line":253,"column":18}},"107":{"start":{"line":257,"column":14},"end":{"line":257,"column":38}},"108":{"start":{"line":264,"column":6},"end":{"line":264,"column":49}},"109":{"start":{"line":267,"column":4},"end":{"line":267,"column":23}},"110":{"start":{"line":270,"column":15},"end":{"line":270,"column":19}},"111":{"start":{"line":271,"column":0},"end":{"line":271,"column":30}}},"fnMap":{"0":{"name":"_interopRequireDefault","decl":{"start":{"line":14,"column":9},"end":{"line":14,"column":31}},"loc":{"start":{"line":14,"column":37},"end":{"line":14,"column":97}},"line":14},"1":{"name":"asyncGeneratorStep","decl":{"start":{"line":16,"column":9},"end":{"line":16,"column":27}},"loc":{"start":{"line":16,"column":75},"end":{"line":16,"column":265}},"line":16},"2":{"name":"_asyncToGenerator","decl":{"start":{"line":18,"column":9},"end":{"line":18,"column":26}},"loc":{"start":{"line":18,"column":31},"end":{"line":18,"column":389}},"line":18},"3":{"name":"(anonymous_3)","decl":{"start":{"line":18,"column":40},"end":{"line":18,"column":41}},"loc":{"start":{"line":18,"column":52},"end":{"line":18,"column":386}},"line":18},"4":{"name":"(anonymous_4)","decl":{"start":{"line":18,"column":108},"end":{"line":18,"column":109}},"loc":{"start":{"line":18,"column":135},"end":{"line":18,"column":382}},"line":18},"5":{"name":"_next","decl":{"start":{"line":18,"column":178},"end":{"line":18,"column":183}},"loc":{"start":{"line":18,"column":191},"end":{"line":18,"column":266}},"line":18},"6":{"name":"_throw","decl":{"start":{"line":18,"column":276},"end":{"line":18,"column":282}},"loc":{"start":{"line":18,"column":288},"end":{"line":18,"column":362}},"line":18},"7":{"name":"(anonymous_7)","decl":{"start":{"line":27,"column":15},"end":{"line":27,"column":16}},"loc":{"start":{"line":27,"column":27},"end":{"line":147,"column":3}},"line":27},"8":{"name":"_callee","decl":{"start":{"line":30,"column":37},"end":{"line":30,"column":44}},"loc":{"start":{"line":30,"column":55},"end":{"line":140,"column":5}},"line":30},"9":{"name":"_callee$","decl":{"start":{"line":33,"column":46},"end":{"line":33,"column":54}},"loc":{"start":{"line":33,"column":65},"end":{"line":139,"column":7}},"line":33},"10":{"name":"create_trip","decl":{"start":{"line":142,"column":13},"end":{"line":142,"column":24}},"loc":{"start":{"line":142,"column":34},"end":{"line":144,"column":5}},"line":142},"11":{"name":"(anonymous_11)","decl":{"start":{"line":156,"column":15},"end":{"line":156,"column":16}},"loc":{"start":{"line":156,"column":27},"end":{"line":199,"column":3}},"line":156},"12":{"name":"_callee2","decl":{"start":{"line":159,"column":37},"end":{"line":159,"column":45}},"loc":{"start":{"line":159,"column":56},"end":{"line":192,"column":5}},"line":159},"13":{"name":"_callee2$","decl":{"start":{"line":162,"column":46},"end":{"line":162,"column":55}},"loc":{"start":{"line":162,"column":67},"end":{"line":191,"column":7}},"line":162},"14":{"name":"getAllTrips","decl":{"start":{"line":194,"column":13},"end":{"line":194,"column":24}},"loc":{"start":{"line":194,"column":35},"end":{"line":196,"column":5}},"line":194},"15":{"name":"(anonymous_15)","decl":{"start":{"line":200,"column":15},"end":{"line":200,"column":16}},"loc":{"start":{"line":200,"column":27},"end":{"line":268,"column":3}},"line":200},"16":{"name":"_callee3","decl":{"start":{"line":203,"column":37},"end":{"line":203,"column":45}},"loc":{"start":{"line":203,"column":56},"end":{"line":261,"column":5}},"line":203},"17":{"name":"_callee3$","decl":{"start":{"line":206,"column":46},"end":{"line":206,"column":55}},"loc":{"start":{"line":206,"column":67},"end":{"line":260,"column":7}},"line":206},"18":{"name":"cancelATrip","decl":{"start":{"line":263,"column":13},"end":{"line":263,"column":24}},"loc":{"start":{"line":263,"column":35},"end":{"line":265,"column":5}},"line":263}},"branchMap":{"0":{"loc":{"start":{"line":14,"column":46},"end":{"line":14,"column":94}},"type":"cond-expr","locations":[{"start":{"line":14,"column":70},"end":{"line":14,"column":73}},{"start":{"line":14,"column":76},"end":{"line":14,"column":94}}],"line":14},"1":{"loc":{"start":{"line":14,"column":46},"end":{"line":14,"column":67}},"type":"binary-expr","locations":[{"start":{"line":14,"column":46},"end":{"line":14,"column":49}},{"start":{"line":14,"column":53},"end":{"line":14,"column":67}}],"line":14},"2":{"loc":{"start":{"line":16,"column":176},"end":{"line":16,"column":263}},"type":"if","locations":[{"start":{"line":16,"column":176},"end":{"line":16,"column":263}},{"start":{"line":16,"column":176},"end":{"line":16,"column":263}}],"line":16},"3":{"loc":{"start":{"line":35,"column":10},"end":{"line":137,"column":11}},"type":"switch","locations":[{"start":{"line":36,"column":12},"end":{"line":45,"column":18}},{"start":{"line":47,"column":12},"end":{"line":59,"column":58}},{"start":{"line":61,"column":12},"end":{"line":65,"column":97}},{"start":{"line":67,"column":12},"end":{"line":78,"column":18}},{"start":{"line":80,"column":12},"end":{"line":82,"column":75}},{"start":{"line":84,"column":12},"end":{"line":100,"column":18}},{"start":{"line":102,"column":12},"end":{"line":115,"column":18}},{"start":{"line":117,"column":12},"end":{"line":126,"column":18}},{"start":{"line":128,"column":12},"end":{"line":132,"column":18}},{"start":{"line":134,"column":12},"end":{"line":134,"column":20}},{"start":{"line":135,"column":12},"end":{"line":136,"column":37}}],"line":35},"4":{"loc":{"start":{"line":37,"column":14},"end":{"line":40,"column":15}},"type":"if","locations":[{"start":{"line":37,"column":14},"end":{"line":40,"column":15}},{"start":{"line":37,"column":14},"end":{"line":40,"column":15}}],"line":37},"5":{"loc":{"start":{"line":53,"column":14},"end":{"line":56,"column":15}},"type":"if","locations":[{"start":{"line":53,"column":14},"end":{"line":56,"column":15}},{"start":{"line":53,"column":14},"end":{"line":56,"column":15}}],"line":53},"6":{"loc":{"start":{"line":53,"column":20},"end":{"line":53,"column":61}},"type":"binary-expr","locations":[{"start":{"line":53,"column":20},"end":{"line":53,"column":35}},{"start":{"line":53,"column":39},"end":{"line":53,"column":61}}],"line":53},"7":{"loc":{"start":{"line":70,"column":14},"end":{"line":73,"column":15}},"type":"if","locations":[{"start":{"line":70,"column":14},"end":{"line":73,"column":15}},{"start":{"line":70,"column":14},"end":{"line":73,"column":15}}],"line":70},"8":{"loc":{"start":{"line":107,"column":14},"end":{"line":110,"column":15}},"type":"if","locations":[{"start":{"line":107,"column":14},"end":{"line":110,"column":15}},{"start":{"line":107,"column":14},"end":{"line":110,"column":15}}],"line":107},"9":{"loc":{"start":{"line":118,"column":14},"end":{"line":121,"column":15}},"type":"if","locations":[{"start":{"line":118,"column":14},"end":{"line":121,"column":15}},{"start":{"line":118,"column":14},"end":{"line":121,"column":15}}],"line":118},"10":{"loc":{"start":{"line":164,"column":10},"end":{"line":189,"column":11}},"type":"switch","locations":[{"start":{"line":165,"column":12},"end":{"line":168,"column":68}},{"start":{"line":170,"column":12},"end":{"line":176,"column":18}},{"start":{"line":178,"column":12},"end":{"line":184,"column":18}},{"start":{"line":186,"column":12},"end":{"line":186,"column":20}},{"start":{"line":187,"column":12},"end":{"line":188,"column":38}}],"line":164},"11":{"loc":{"start":{"line":208,"column":10},"end":{"line":258,"column":11}},"type":"switch","locations":[{"start":{"line":209,"column":12},"end":{"line":218,"column":18}},{"start":{"line":220,"column":12},"end":{"line":224,"column":77}},{"start":{"line":226,"column":12},"end":{"line":238,"column":18}},{"start":{"line":240,"column":12},"end":{"line":245,"column":18}},{"start":{"line":247,"column":12},"end":{"line":253,"column":18}},{"start":{"line":255,"column":12},"end":{"line":255,"column":20}},{"start":{"line":256,"column":12},"end":{"line":257,"column":38}}],"line":208},"12":{"loc":{"start":{"line":210,"column":14},"end":{"line":213,"column":15}},"type":"if","locations":[{"start":{"line":210,"column":14},"end":{"line":213,"column":15}},{"start":{"line":210,"column":14},"end":{"line":213,"column":15}}],"line":210},"13":{"loc":{"start":{"line":230,"column":14},"end":{"line":233,"column":15}},"type":"if","locations":[{"start":{"line":230,"column":14},"end":{"line":233,"column":15}},{"start":{"line":230,"column":14},"end":{"line":233,"column":15}}],"line":230}},"s":{"0":1,"1":1,"2":1,"3":1,"4":1,"5":2,"6":0,"7":0,"8":0,"9":0,"10":0,"11":0,"12":0,"13":0,"14":3,"15":0,"16":0,"17":0,"18":0,"19":0,"20":0,"21":0,"22":1,"23":1,"24":0,"25":0,"26":0,"27":0,"28":0,"29":0,"30":0,"31":0,"32":0,"33":0,"34":0,"35":0,"36":0,"37":0,"38":0,"39":0,"40":0,"41":0,"42":0,"43":0,"44":0,"45":0,"46":0,"47":0,"48":0,"49":0,"50":0,"51":0,"52":0,"53":0,"54":0,"55":0,"56":0,"57":0,"58":0,"59":0,"60":0,"61":0,"62":0,"63":0,"64":0,"65":0,"66":0,"67":0,"68":1,"69":1,"70":0,"71":0,"72":0,"73":0,"74":0,"75":0,"76":0,"77":0,"78":0,"79":0,"80":0,"81":0,"82":0,"83":0,"84":1,"85":1,"86":0,"87":0,"88":0,"89":0,"90":0,"91":0,"92":0,"93":0,"94":0,"95":0,"96":0,"97":0,"98":0,"99":0,"100":0,"101":0,"102":0,"103":0,"104":0,"105":0,"106":0,"107":0,"108":0,"109":1,"110":1,"111":1},"f":{"0":2,"1":0,"2":3,"3":0,"4":0,"5":0,"6":0,"7":1,"8":0,"9":0,"10":0,"11":1,"12":0,"13":0,"14":0,"15":1,"16":0,"17":0,"18":0},"b":{"0":[1,1],"1":[2,2],"2":[0,0],"3":[0,0,0,0,0,0,0,0,0,0,0],"4":[0,0],"5":[0,0],"6":[0,0],"7":[0,0],"8":[0,0],"9":[0,0],"10":[0,0,0,0,0],"11":[0,0,0,0,0,0,0],"12":[0,0],"13":[0,0]},"_coverageSchema":"43e27e138ebf9cfc5966b082cf9a028302ed4184","hash":"fb3a98866e0dab3823f438febbd2beed8d3400f8","contentHash":"789092602a695d2ecfa0da278e3bf4047132a9c03b3bafd28533067cb77851a1"},"C:\\Users\\Administrator\\Desktop\\way-farer\\WayFarer-API\\src\\model\\trip.model.js":{"path":"C:\\Users\\Administrator\\Desktop\\way-farer\\WayFarer-API\\src\\model\\trip.model.js","statementMap":{"0":{"start":{"line":3,"column":0},"end":{"line":5,"column":3}},"1":{"start":{"line":6,"column":0},"end":{"line":6,"column":175}},"2":{"start":{"line":8,"column":13},"end":{"line":8,"column":53}},"3":{"start":{"line":10,"column":39},"end":{"line":10,"column":95}},"4":{"start":{"line":12,"column":77},"end":{"line":12,"column":175}},"5":{"start":{"line":12,"column":94},"end":{"line":12,"column":107}},"6":{"start":{"line":12,"column":121},"end":{"line":12,"column":131}},"7":{"start":{"line":12,"column":151},"end":{"line":12,"column":165}},"8":{"start":{"line":12,"column":166},"end":{"line":12,"column":173}},"9":{"start":{"line":12,"column":176},"end":{"line":12,"column":263}},"10":{"start":{"line":12,"column":193},"end":{"line":12,"column":208}},"11":{"start":{"line":12,"column":218},"end":{"line":12,"column":261}},"12":{"start":{"line":14,"column":33},"end":{"line":14,"column":387}},"13":{"start":{"line":14,"column":65},"end":{"line":14,"column":69}},"14":{"start":{"line":14,"column":78},"end":{"line":14,"column":87}},"15":{"start":{"line":14,"column":89},"end":{"line":14,"column":384}},"16":{"start":{"line":14,"column":147},"end":{"line":14,"column":167}},"17":{"start":{"line":14,"column":193},"end":{"line":14,"column":264}},"18":{"start":{"line":14,"column":290},"end":{"line":14,"column":360}},"19":{"start":{"line":14,"column":363},"end":{"line":14,"column":380}},"20":{"start":{"line":16,"column":15},"end":{"line":16,"column":28}},"21":{"start":{"line":17,"column":11},"end":{"line":17,"column":24}},"22":{"start":{"line":19,"column":13},"end":{"line":19,"column":30}},"23":{"start":{"line":21,"column":0},"end":{"line":21,"column":16}},"24":{"start":{"line":22,"column":13},"end":{"line":22,"column":42}},"25":{"start":{"line":23,"column":11},"end":{"line":25,"column":2}},"26":{"start":{"line":26,"column":0},"end":{"line":28,"column":3}},"27":{"start":{"line":27,"column":2},"end":{"line":27,"column":32}},"28":{"start":{"line":30,"column":24},"end":{"line":39,"column":1}},"29":{"start":{"line":31,"column":14},"end":{"line":31,"column":431}},"30":{"start":{"line":32,"column":2},"end":{"line":38,"column":5}},"31":{"start":{"line":33,"column":4},"end":{"line":33,"column":16}},"32":{"start":{"line":34,"column":4},"end":{"line":34,"column":15}},"33":{"start":{"line":36,"column":4},"end":{"line":36,"column":16}},"34":{"start":{"line":37,"column":4},"end":{"line":37,"column":15}},"35":{"start":{"line":41,"column":0},"end":{"line":41,"column":46}},"36":{"start":{"line":45,"column":0},"end":{"line":92,"column":3}},"37":{"start":{"line":46,"column":13},"end":{"line":87,"column":5}},"38":{"start":{"line":50,"column":4},"end":{"line":86,"column":41}},"39":{"start":{"line":51,"column":6},"end":{"line":85,"column":7}},"40":{"start":{"line":52,"column":8},"end":{"line":84,"column":9}},"41":{"start":{"line":54,"column":12},"end":{"line":54,"column":30}},"42":{"start":{"line":55,"column":12},"end":{"line":55,"column":34}},"43":{"start":{"line":58,"column":12},"end":{"line":58,"column":35}},"44":{"start":{"line":59,"column":12},"end":{"line":59,"column":52}},"45":{"start":{"line":60,"column":12},"end":{"line":60,"column":30}},"46":{"start":{"line":61,"column":12},"end":{"line":61,"column":42}},"47":{"start":{"line":62,"column":12},"end":{"line":62,"column":30}},"48":{"start":{"line":63,"column":12},"end":{"line":63,"column":43}},"49":{"start":{"line":66,"column":12},"end":{"line":66,"column":37}},"50":{"start":{"line":67,"column":12},"end":{"line":67,"column":29}},"51":{"start":{"line":68,"column":12},"end":{"line":68,"column":31}},"52":{"start":{"line":69,"column":12},"end":{"line":69,"column":18}},"53":{"start":{"line":72,"column":12},"end":{"line":72,"column":31}},"54":{"start":{"line":73,"column":12},"end":{"line":73,"column":47}},"55":{"start":{"line":74,"column":12},"end":{"line":74,"column":32}},"56":{"start":{"line":77,"column":12},"end":{"line":77,"column":31}},"57":{"start":{"line":78,"column":12},"end":{"line":78,"column":29}},"58":{"start":{"line":79,"column":12},"end":{"line":79,"column":39}},"59":{"start":{"line":83,"column":12},"end":{"line":83,"column":35}},"60":{"start":{"line":89,"column":2},"end":{"line":91,"column":4}},"61":{"start":{"line":90,"column":4},"end":{"line":90,"column":39}},"62":{"start":{"line":94,"column":0},"end":{"line":94,"column":42}},"63":{"start":{"line":95,"column":24},"end":{"line":95,"column":251}},"64":{"start":{"line":96,"column":0},"end":{"line":96,"column":46}},"65":{"start":{"line":97,"column":25},"end":{"line":97,"column":45}},"66":{"start":{"line":98,"column":0},"end":{"line":98,"column":48}},"67":{"start":{"line":99,"column":23},"end":{"line":99,"column":98}},"68":{"start":{"line":100,"column":0},"end":{"line":100,"column":44}},"69":{"start":{"line":101,"column":26},"end":{"line":101,"column":98}},"70":{"start":{"line":103,"column":0},"end":{"line":103,"column":50}},"71":{"start":{"line":104,"column":0},"end":{"line":107,"column":3}},"72":{"start":{"line":105,"column":2},"end":{"line":105,"column":11}},"73":{"start":{"line":106,"column":2},"end":{"line":106,"column":18}}},"fnMap":{"0":{"name":"_interopRequireDefault","decl":{"start":{"line":10,"column":9},"end":{"line":10,"column":31}},"loc":{"start":{"line":10,"column":37},"end":{"line":10,"column":97}},"line":10},"1":{"name":"asyncGeneratorStep","decl":{"start":{"line":12,"column":9},"end":{"line":12,"column":27}},"loc":{"start":{"line":12,"column":75},"end":{"line":12,"column":265}},"line":12},"2":{"name":"_asyncToGenerator","decl":{"start":{"line":14,"column":9},"end":{"line":14,"column":26}},"loc":{"start":{"line":14,"column":31},"end":{"line":14,"column":389}},"line":14},"3":{"name":"(anonymous_3)","decl":{"start":{"line":14,"column":40},"end":{"line":14,"column":41}},"loc":{"start":{"line":14,"column":52},"end":{"line":14,"column":386}},"line":14},"4":{"name":"(anonymous_4)","decl":{"start":{"line":14,"column":108},"end":{"line":14,"column":109}},"loc":{"start":{"line":14,"column":135},"end":{"line":14,"column":382}},"line":14},"5":{"name":"_next","decl":{"start":{"line":14,"column":178},"end":{"line":14,"column":183}},"loc":{"start":{"line":14,"column":191},"end":{"line":14,"column":266}},"line":14},"6":{"name":"_throw","decl":{"start":{"line":14,"column":276},"end":{"line":14,"column":282}},"loc":{"start":{"line":14,"column":288},"end":{"line":14,"column":362}},"line":14},"7":{"name":"(anonymous_7)","decl":{"start":{"line":26,"column":19},"end":{"line":26,"column":20}},"loc":{"start":{"line":26,"column":31},"end":{"line":28,"column":1}},"line":26},"8":{"name":"create_trip_table","decl":{"start":{"line":30,"column":33},"end":{"line":30,"column":50}},"loc":{"start":{"line":30,"column":53},"end":{"line":39,"column":1}},"line":30},"9":{"name":"(anonymous_9)","decl":{"start":{"line":32,"column":25},"end":{"line":32,"column":26}},"loc":{"start":{"line":32,"column":40},"end":{"line":35,"column":3}},"line":32},"10":{"name":"(anonymous_10)","decl":{"start":{"line":35,"column":14},"end":{"line":35,"column":15}},"loc":{"start":{"line":35,"column":29},"end":{"line":38,"column":3}},"line":35},"11":{"name":"(anonymous_11)","decl":{"start":{"line":45,"column":0},"end":{"line":45,"column":1}},"loc":{"start":{"line":45,"column":12},"end":{"line":92,"column":1}},"line":45},"12":{"name":"_callee","decl":{"start":{"line":48,"column":35},"end":{"line":48,"column":42}},"loc":{"start":{"line":48,"column":45},"end":{"line":87,"column":3}},"line":48},"13":{"name":"_callee$","decl":{"start":{"line":50,"column":44},"end":{"line":50,"column":52}},"loc":{"start":{"line":50,"column":63},"end":{"line":86,"column":5}},"line":50},"14":{"name":"drop_trip_table","decl":{"start":{"line":89,"column":18},"end":{"line":89,"column":33}},"loc":{"start":{"line":89,"column":36},"end":{"line":91,"column":3}},"line":89},"15":{"name":"(anonymous_15)","decl":{"start":{"line":104,"column":18},"end":{"line":104,"column":19}},"loc":{"start":{"line":104,"column":30},"end":{"line":107,"column":1}},"line":104}},"branchMap":{"0":{"loc":{"start":{"line":10,"column":46},"end":{"line":10,"column":94}},"type":"cond-expr","locations":[{"start":{"line":10,"column":70},"end":{"line":10,"column":73}},{"start":{"line":10,"column":76},"end":{"line":10,"column":94}}],"line":10},"1":{"loc":{"start":{"line":10,"column":46},"end":{"line":10,"column":67}},"type":"binary-expr","locations":[{"start":{"line":10,"column":46},"end":{"line":10,"column":49}},{"start":{"line":10,"column":53},"end":{"line":10,"column":67}}],"line":10},"2":{"loc":{"start":{"line":12,"column":176},"end":{"line":12,"column":263}},"type":"if","locations":[{"start":{"line":12,"column":176},"end":{"line":12,"column":263}},{"start":{"line":12,"column":176},"end":{"line":12,"column":263}}],"line":12},"3":{"loc":{"start":{"line":52,"column":8},"end":{"line":84,"column":9}},"type":"switch","locations":[{"start":{"line":53,"column":10},"end":{"line":55,"column":34}},{"start":{"line":57,"column":10},"end":{"line":63,"column":43}},{"start":{"line":65,"column":10},"end":{"line":69,"column":18}},{"start":{"line":71,"column":10},"end":{"line":74,"column":32}},{"start":{"line":76,"column":10},"end":{"line":79,"column":39}},{"start":{"line":81,"column":10},"end":{"line":81,"column":18}},{"start":{"line":82,"column":10},"end":{"line":83,"column":35}}],"line":52}},"s":{"0":1,"1":1,"2":1,"3":1,"4":0,"5":0,"6":0,"7":0,"8":0,"9":0,"10":0,"11":0,"12":1,"13":0,"14":0,"15":0,"16":0,"17":0,"18":0,"19":0,"20":1,"21":1,"22":1,"23":1,"24":1,"25":1,"26":1,"27":0,"28":1,"29":0,"30":0,"31":0,"32":0,"33":0,"34":0,"35":1,"36":1,"37":1,"38":0,"39":0,"40":0,"41":0,"42":0,"43":0,"44":0,"45":0,"46":0,"47":0,"48":0,"49":0,"50":0,"51":0,"52":0,"53":0,"54":0,"55":0,"56":0,"57":0,"58":0,"59":0,"60":1,"61":0,"62":1,"63":1,"64":1,"65":1,"66":1,"67":1,"68":1,"69":1,"70":1,"71":1,"72":0,"73":0},"f":{"0":1,"1":0,"2":1,"3":0,"4":0,"5":0,"6":0,"7":0,"8":0,"9":0,"10":0,"11":1,"12":0,"13":0,"14":0,"15":0},"b":{"0":[0,1],"1":[1,1],"2":[0,0],"3":[0,0,0,0,0,0,0]},"_coverageSchema":"43e27e138ebf9cfc5966b082cf9a028302ed4184","hash":"d91452b39573bd869e6436a4696fb450942aee34","contentHash":"5140c78aabe8d0b27090ad060fa91d768efb4e3fd7d63b7cbbe0260117114758"},"C:\\Users\\Administrator\\Desktop\\way-farer\\WayFarer-API\\src\\routes\\bus.route.js":{"path":"C:\\Users\\Administrator\\Desktop\\way-farer\\WayFarer-API\\src\\routes\\bus.route.js","statementMap":{"0":{"start":{"line":3,"column":0},"end":{"line":5,"column":3}},"1":{"start":{"line":6,"column":0},"end":{"line":6,"column":28}},"2":{"start":{"line":8,"column":15},"end":{"line":8,"column":57}},"3":{"start":{"line":10,"column":11},"end":{"line":10,"column":74}},"4":{"start":{"line":12,"column":12},"end":{"line":12,"column":65}},"5":{"start":{"line":14,"column":39},"end":{"line":14,"column":95}},"6":{"start":{"line":16,"column":13},"end":{"line":16,"column":41}},"7":{"start":{"line":18,"column":0},"end":{"line":18,"column":81}},"8":{"start":{"line":19,"column":0},"end":{"line":19,"column":83}},"9":{"start":{"line":20,"column":15},"end":{"line":20,"column":21}},"10":{"start":{"line":21,"column":0},"end":{"line":21,"column":30}}},"fnMap":{"0":{"name":"_interopRequireDefault","decl":{"start":{"line":14,"column":9},"end":{"line":14,"column":31}},"loc":{"start":{"line":14,"column":37},"end":{"line":14,"column":97}},"line":14}},"branchMap":{"0":{"loc":{"start":{"line":14,"column":46},"end":{"line":14,"column":94}},"type":"cond-expr","locations":[{"start":{"line":14,"column":70},"end":{"line":14,"column":73}},{"start":{"line":14,"column":76},"end":{"line":14,"column":94}}],"line":14},"1":{"loc":{"start":{"line":14,"column":46},"end":{"line":14,"column":67}},"type":"binary-expr","locations":[{"start":{"line":14,"column":46},"end":{"line":14,"column":49}},{"start":{"line":14,"column":53},"end":{"line":14,"column":67}}],"line":14}},"s":{"0":1,"1":1,"2":1,"3":1,"4":1,"5":3,"6":1,"7":1,"8":1,"9":1,"10":1},"f":{"0":3},"b":{"0":[2,1],"1":[3,3]},"_coverageSchema":"43e27e138ebf9cfc5966b082cf9a028302ed4184","hash":"abf8a9ca8d5922cd67fa792fc06a20bda0896fab","contentHash":"b0525d06b8b5489f96295b3b83fffc9711b2f82af43bc90e54bce25af736e2f6"},"C:\\Users\\Administrator\\Desktop\\way-farer\\WayFarer-API\\src\\controller\\bus.controller.js":{"path":"C:\\Users\\Administrator\\Desktop\\way-farer\\WayFarer-API\\src\\controller\\bus.controller.js","statementMap":{"0":{"start":{"line":3,"column":0},"end":{"line":5,"column":3}},"1":{"start":{"line":6,"column":0},"end":{"line":6,"column":28}},"2":{"start":{"line":8,"column":10},"end":{"line":8,"column":56}},"3":{"start":{"line":10,"column":11},"end":{"line":10,"column":40}},"4":{"start":{"line":12,"column":39},"end":{"line":12,"column":95}},"5":{"start":{"line":14,"column":77},"end":{"line":14,"column":175}},"6":{"start":{"line":14,"column":94},"end":{"line":14,"column":107}},"7":{"start":{"line":14,"column":121},"end":{"line":14,"column":131}},"8":{"start":{"line":14,"column":151},"end":{"line":14,"column":165}},"9":{"start":{"line":14,"column":166},"end":{"line":14,"column":173}},"10":{"start":{"line":14,"column":176},"end":{"line":14,"column":263}},"11":{"start":{"line":14,"column":193},"end":{"line":14,"column":208}},"12":{"start":{"line":14,"column":218},"end":{"line":14,"column":261}},"13":{"start":{"line":16,"column":33},"end":{"line":16,"column":387}},"14":{"start":{"line":16,"column":65},"end":{"line":16,"column":69}},"15":{"start":{"line":16,"column":78},"end":{"lin
[...]
}},"loc":{"start":{"line":32,"column":65},"end":{"line":115,"column":7}},"line":32},"10":{"name":"book_trip","decl":{"start":{"line":118,"column":13},"end":{"line":118,"column":22}},"loc":{"start":{"line":118,"column":32},"end":{"line":120,"column":5}},"line":118},"11":{"name":"(anonymous_11)","decl":{"start":{"line":130,"column":25},"end":{"line":130,"column":26}},"loc":{"start":{"line":130,"column":37},"end":{"line":201,"column":3}},"line":130},"12":{"name":"_callee2","decl":{"start":{"line":133,"column":37},"end":{"line":133,"column":45}},"loc":{"start":{"line":133,"column":56},"end":{"line":194,"column":5}},"line":133},"13":{"name":"_callee2$","decl":{"start":{"line":136,"column":46},"end":{"line":136,"column":55}},"loc":{"start":{"line":136,"column":67},"end":{"line":193,"column":7}},"line":136},"14":{"name":"get_all_admin_booking","decl":{"start":{"line":196,"column":13},"end":{"line":196,"column":34}},"loc":{"start":{"line":196,"column":45},"end":{"line":198,"column":5}},"line":196},"15":{"name":"(anonymous_15)","decl":{"start":{"line":202,"column":20},"end":{"line":202,"column":21}},"loc":{"start":{"line":202,"column":32},"end":{"line":256,"column":3}},"line":202},"16":{"name":"_callee3","decl":{"start":{"line":205,"column":37},"end":{"line":205,"column":45}},"loc":{"start":{"line":205,"column":56},"end":{"line":249,"column":5}},"line":205},"17":{"name":"_callee3$","decl":{"start":{"line":208,"column":46},"end":{"line":208,"column":55}},"loc":{"start":{"line":208,"column":67},"end":{"line":248,"column":7}},"line":208},"18":{"name":"get_user_booking","decl":{"start":{"line":251,"column":13},"end":{"line":251,"column":29}},"loc":{"start":{"line":251,"column":40},"end":{"line":253,"column":5}},"line":251},"19":{"name":"(anonymous_19)","decl":{"start":{"line":263,"column":17},"end":{"line":263,"column":18}},"loc":{"start":{"line":263,"column":29},"end":{"line":320,"column":3}},"line":263},"20":{"name":"_callee4","decl":{"start":{"line":266,"column":37},"end":{"line":266,"column":45}},"loc":{"start":{"line":266,"column":56},"end":{"line":313,"column":5}},"line":266},"21":{"name":"_callee4$","decl":{"start":{"line":269,"column":46},"end":{"line":269,"column":55}},"loc":{"start":{"line":269,"column":67},"end":{"line":312,"column":7}},"line":269},"22":{"name":"deleteBooking","decl":{"start":{"line":315,"column":13},"end":{"line":315,"column":26}},"loc":{"start":{"line":315,"column":37},"end":{"line":317,"column":5}},"line":315}},"branchMap":{"0":{"loc":{"start":{"line":14,"column":46},"end":{"line":14,"column":94}},"type":"cond-expr","locations":[{"start":{"line":14,"column":70},"end":{"line":14,"column":73}},{"start":{"line":14,"column":76},"end":{"line":14,"column":94}}],"line":14},"1":{"loc":{"start":{"line":14,"column":46},"end":{"line":14,"column":67}},"type":"binary-expr","locations":[{"start":{"line":14,"column":46},"end":{"line":14,"column":49}},{"start":{"line":14,"column":53},"end":{"line":14,"column":67}}],"line":14},"2":{"loc":{"start":{"line":16,"column":176},"end":{"line":16,"column":263}},"type":"if","locations":[{"start":{"line":16,"column":176},"end":{"line":16,"column":263}},{"start":{"line":16,"column":176},"end":{"line":16,"column":263}}],"line":16},"3":{"loc":{"start":{"line":34,"column":10},"end":{"line":113,"column":11}},"type":"switch","locations":[{"start":{"line":35,"column":12},"end":{"line":39,"column":78}},{"start":{"line":41,"column":12},"end":{"line":53,"column":18}},{"start":{"line":55,"column":12},"end":{"line":64,"column":18}},{"start":{"line":66,"column":12},"end":{"line":68,"column":80}},{"start":{"line":70,"column":12},"end":{"line":75,"column":104}},{"start":{"line":77,"column":12},"end":{"line":88,"column":18}},{"start":{"line":90,"column":12},"end":{"line":93,"column":76}},{"start":{"line":95,"column":12},"end":{"line":100,"column":18}},{"start":{"line":102,"column":12},"end":{"line":108,"column":18}},{"start":{"line":110,"column":12},"end":{"line":110,"column":20}},{"start":{"line":111,"column":12},"end":{"line":112,"column":37}}],"line":34},"4":{"loc":{"start":{"line":45,"column":14},"end":{"line":48,"column":15}},"type":"if","locations":[{"start":{"line":45,"column":14},"end":{"line":48,"column":15}},{"start":{"line":45,"column":14},"end":{"line":48,"column":15}}],"line":45},"5":{"loc":{"start":{"line":56,"column":14},"end":{"line":59,"column":15}},"type":"if","locations":[{"start":{"line":56,"column":14},"end":{"line":59,"column":15}},{"start":{"line":56,"column":14},"end":{"line":59,"column":15}}],"line":56},"6":{"loc":{"start":{"line":80,"column":14},"end":{"line":83,"column":15}},"type":"if","locations":[{"start":{"line":80,"column":14},"end":{"line":83,"column":15}},{"start":{"line":80,"column":14},"end":{"line":83,"column":15}}],"line":80},"7":{"loc":{"start":{"line":138,"column":10},"end":{"line":191,"column":11}},"type":"switch","locations":[{"start":{"line":139,"column":12},"end":{"line":155,"column":80}},{"start":{"line":157,"column":12},"end":{"line":169,"column":18}},{"start":{"line":171,"column":12},"end":{"line":175,"column":18}},{"start":{"line":177,"column":12},"end":{"line":179,"column":20}},{"start":{"line":181,"column":12},"end":{"line":186,"column":18}},{"start":{"line":188,"column":12},"end":{"line":188,"column":20}},{"start":{"line":189,"column":12},"end":{"line":190,"column":38}}],"line":138},"8":{"loc":{"start":{"line":140,"column":14},"end":{"line":145,"column":15}},"type":"if","locations":[{"start":{"line":140,"column":14},"end":{"line":145,"column":15}},{"start":{"line":140,"column":14},"end":{"line":145,"column":15}}],"line":140},"9":{"loc":{"start":{"line":149,"column":14},"end":{"line":152,"column":15}},"type":"if","locations":[{"start":{"line":149,"column":14},"end":{"line":152,"column":15}},{"start":{"line":149,"column":14},"end":{"line":152,"column":15}}],"line":149},"10":{"loc":{"start":{"line":161,"column":14},"end":{"line":164,"column":15}},"type":"if","locations":[{"start":{"line":161,"column":14},"end":{"line":164,"column":15}},{"start":{"line":161,"column":14},"end":{"line":164,"column":15}}],"line":161},"11":{"loc":{"start":{"line":210,"column":10},"end":{"line":246,"column":11}},"type":"switch","locations":[{"start":{"line":211,"column":12},"end":{"line":214,"column":91}},{"start":{"line":216,"column":12},"end":{"line":228,"column":18}},{"start":{"line":230,"column":12},"end":{"line":234,"column":18}},{"start":{"line":236,"column":12},"end":{"line":241,"column":18}},{"start":{"line":243,"column":12},"end":{"line":243,"column":20}},{"start":{"line":244,"column":12},"end":{"line":245,"column":38}}],"line":210},"12":{"loc":{"start":{"line":220,"column":14},"end":{"line":223,"column":15}},"type":"if","locations":[{"start":{"line":220,"column":14},"end":{"line":223,"column":15}},{"start":{"line":220,"column":14},"end":{"line":223,"column":15}}],"line":220},"13":{"loc":{"start":{"line":271,"column":10},"end":{"line":310,"column":11}},"type":"switch","locations":[{"start":{"line":272,"column":12},"end":{"line":275,"column":102}},{"start":{"line":277,"column":12},"end":{"line":289,"column":18}},{"start":{"line":291,"column":12},"end":{"line":297,"column":18}},{"start":{"line":299,"column":12},"end":{"line":305,"column":18}},{"start":{"line":307,"column":12},"end":{"line":307,"column":20}},{"start":{"line":308,"column":12},"end":{"line":309,"column":38}}],"line":271},"14":{"loc":{"start":{"line":281,"column":14},"end":{"line":284,"column":15}},"type":"if","locations":[{"start":{"line":281,"column":14},"end":{"line":284,"column":15}},{"start":{"line":281,"column":14},"end":{"line":284,"column":15}}],"line":281}},"s":{"0":1,"1":1,"2":1,"3":1,"4":1,"5":2,"6":0,"7":0,"8":0,"9":0,"10":0,"11":0,"12":0,"13":0,"14":4,"15":0,"16":0,"17":0,"18":0,"19":0,"20":0,"21":0,"22":1,"23":1,"24":0,"25":0,"26":0,"27":0,"28":0,"29":0,"30":0,"31":0,"32":0,"33":0,"34":0,"35":0,"36":0,"37":0,"38":0,"39":0,"40":0,"41":0,"42":0,"43":0,"44":0,"45":0,"46":0,"47":0,"48":0,"49":0,"50":0,"51":0,"52":0,"53":0,"54":0,"55":0,"56":0,"57":0,"58":0,"59":0,"60":0,"61":0,"62":1,"63":1,"64":0,"65":0,"66":0,"67":0,"68":0,"69":0,"70":0,"71":0,"72":0,"73":0,"74":0,"75":0,"76":0,"77":0,"78":0,"79":0,"80":0,"81":0,"82":0,"83":0,"84":0,"85":0,"86":0,"87":0,"88":0,"89":1,"90":1,"91":0,"92":0,"93":0,"94":0,"95":0,"96":0,"97":0,"98":0,"99":0,"100":0,"101":0,"102":0,"103":0,"104":0,"105":0,"106":0,"107":0,"108":0,"109":1,"110":1,"111":0,"112":0,"113":0,"114":0,"115":0,"116":0,"117":0,"118":0,"119":0,"120":0,"121":0,"122":0,"123":0,"124":0,"125":0,"126":0,"127":0,"128":0,"129":1,"130":1,"131":1},"f":{"0":2,"1":0,"2":4,"3":0,"4":0,"5":0,"6":0,"7":1,"8":0,"9":0,"10":0,"11":1,"12":0,"13":0,"14":0,"15":1,"16":0,"17":0,"18":0,"19":1,"20":0,"21":0,"22":0},"b":{"0":[1,1],"1":[2,2],"2":[0,0],"3":[0,0,0,0,0,0,0,0,0,0,0],"4":[0,0],"5":[0,0],"6":[0,0],"7":[0,0,0,0,0,0,0],"8":[0,0],"9":[0,0],"10":[0,0],"11":[0,0,0,0,0,0],"12":[0,0],"13":[0,0,0,0,0,0],"14":[0,0]},"_coverageSchema":"43e27e138ebf9cfc5966b082cf9a028302ed4184","hash":"b5e5893b03351ab9ef9f340c49afb5f287756cad","contentHash":"a6c902602a62556d1f9196025f642105dad74e27c3aa0baaa1c8796ff1de4049"},"C:\\Users\\Administrator\\Desktop\\way-farer\\WayFarer-API\\src\\model\\booking.model.js":{"path":"C:\\Users\\Administrator\\Desktop\\way-farer\\WayFarer-API\\src\\model\\booking.model.js","statementMap":{"0":{"start":{"line":3,"column":0},"end":{"line":5,"column":3}},"1":{"start":{"line":6,"column":0},"end":{"line":6,"column":273}},"2":{"start":{"line":8,"column":13},"end":{"line":8,"column":53}},"3":{"start":{"line":10,"column":39},"end":{"line":10,"column":95}},"4":{"start":{"line":12,"column":77},"end":{"line":12,"column":175}},"5":{"start":{"line":12,"column":94},"end":{"line":12,"column":107}},"6":{"start":{"line":12,"column":121},"end":{"line":12,"column":131}},"7":{"start":{"line":12,"column":151},"end":{"line":12,"column":165}},"8":{"start":{"line":12,"column":166},"end":{"line":12,"column":173}},"9":{"start":{"line":12,"column":176},"end":{"line":12,"column":263}},"10":{"start":{"line":12,"column":193},"end":{"line":12,"column":208}},"11":{"start":{"line":12,"column":218},"end":{"line":12,"column":261}},"12":{"start":{"line":14,"column":33},"end":{"line":14,"column":387}},"13":{"start":{"line":14,"column":65},"end":{"line":14,"column":69}},"14":{"start":{"line":14,"column":78},"end":{"line":14,"column":87}},"15":{"start":{"line":14,"column":89},"end":{"line":14,"column":384}},"16":{"start":{"line":14,"column":147},"end":{"line":14,"column":167}},"17":{"start":{"line":14,"column":193},"end":{"line":14,"column":264}},"18":{"start":{"line":14,"column":290},"end":{"line":14,"column":360}},"19":{"start":{"line":14,"column":363},"end":{"line":14,"column":380}},"20":{"start":{"line":16,"column":15},"end":{"line":16,"column":28}},"21":{"start":{"line":17,"column":11},"end":{"line":17,"column":24}},"22":{"start":{"line":19,"column":13},"end":{"line":19,"column":30}},"23":{"start":{"line":21,"column":0},"end":{"line":21,"column":16}},"24":{"start":{"line":22,"column":13},"end":{"line":22,"column":42}},"25":{"start":{"line":23,"column":11},"end":{"line":25,"column":2}},"26":{"start":{"line":26,"column":0},"end":{"line":28,"column":3}},"27":{"start":{"line":27,"column":2},"end":{"line":27,"column":32}},"28":{"start":{"line":30,"column":27},"end":{"line":39,"column":1}},"29":{"start":{"line":31,"column":17},"end":{"line":31,"column":492}},"30":{"start":{"line":32,"column":2},"end":{"line":38,"column":5}},"31":{"start":{"line":33,"column":4},"end":{"line":33,"column":16}},"32":{"start":{"line":34,"column":4},"end":{"line":34,"column":15}},"33":{"start":{"line":36,"column":4},"end":{"line":36,"column":16}},"34":{"start":{"line":37,"column":4},"end":{"line":37,"column":15}},"35":{"start":{"line":41,"column":0},"end":{"line":41,"column":52}},"36":{"start":{"line":45,"column":0},"end":{"line":92,"column":3}},"37":{"start":{"line":46,"column":13},"end":{"line":87,"column":5}},"38":{"start":{"line":50,"column":4},"end":{"line":86,"column":41}},"39":{"start":{"line":51,"column":6},"end":{"line":85,"column":7}},"40":{"start":{"line":52,"column":8},"end":{"line":84,"column":9}},"41":{"start":{"line":54,"column":12},"end":{"line":54,"column":30}},"42":{"start":{"line":55,"column":12},"end":{"line":55,"column":34}},"43":{"start":{"line":58,"column":12},"end":{"line":58,"column":35}},"44":{"start":{"line":59,"column":12},"end":{"line":59,"column":55}},"45":{"start":{"line":60,"column":12},"end":{"line":60,"column":30}},"46":{"start":{"line":61,"column":12},"end":{"line":61,"column":45}},"47":{"start":{"line":62,"column":12},"end":{"line":62,"column":30}},"48":{"start":{"line":63,"column":12},"end":{"line":63,"column":43}},"49":{"start":{"line":66,"column":12},"end":{"line":66,"column":37}},"50":{"start":{"line":67,"column":12},"end":{"line":67,"column":29}},"51":{"start":{"line":68,"column":12},"end":{"line":68,"column":31}},"52":{"start":{"line":69,"column":12},"end":{"line":69,"column":18}},"53":{"start":{"line":72,"column":12},"end":{"line":72,"column":31}},"54":{"start":{"line":73,"column":12},"end":{"line":73,"column":47}},"55":{"start":{"line":74,"column":12},"end":{"line":74,"column":32}},"56":{"start":{"line":77,"column":12},"end":{"line":77,"column":31}},"57":{"start":{"line":78,"column":12},"end":{"line":78,"column":29}},"58":{"start":{"line":79,"column":12},"end":{"line":79,"column":39}},"59":{"start":{"line":83,"column":12},"end":{"line":83,"column":35}},"60":{"start":{"line":89,"column":2},"end":{"line":91,"column":4}},"61":{"start":{"line":90,"column":4},"end":{"line":90,"column":39}},"62":{"start":{"line":94,"column":0},"end":{"line":94,"column":48}},"63":{"start":{"line":95,"column":22},"end":{"line":95,"column":310}},"64":{"start":{"line":96,"column":0},"end":{"line":96,"column":42}},"65":{"start":{"line":97,"column":21},"end":{"line":97,"column":60}},"66":{"start":{"line":98,"column":0},"end":{"line":98,"column":40}},"67":{"start":{"line":99,"column":22},"end":{"line":99,"column":62}},"68":{"start":{"line":100,"column":0},"end":{"line":100,"column":42}},"69":{"start":{"line":101,"column":25},"end":{"line":101,"column":86}},"70":{"start":{"line":102,"column":0},"end":{"line":102,"column":48}},"71":{"start":{"line":103,"column":34},"end":{"line":103,"column":57}},"72":{"start":{"line":104,"column":0},"end":{"line":104,"column":66}},"73":{"start":{"line":105,"column":33},"end":{"line":105,"column":75}},"74":{"start":{"line":106,"column":0},"end":{"line":106,"column":64}},"75":{"start":{"line":107,"column":21},"end":{"line":107,"column":95}},"76":{"start":{"line":108,"column":0},"end":{"line":108,"column":40}},"77":{"start":{"line":109,"column":0},"end":{"line":112,"column":3}},"78":{"start":{"line":110,"column":2},"end":{"line":110,"column":11}},"79":{"start":{"line":111,"column":2},"end":{"line":111,"column":18}}},"fnMap":{"0":{"name":"_interopRequireDefault","decl":{"start":{"line":10,"column":9},"end":{"line":10,"column":31}},"loc":{"start":{"line":10,"column":37},"end":{"line":10,"column":97}},"line":10},"1":{"name":"asyncGeneratorStep","decl":{"start":{"line":12,"column":9},"end":{"line":12,"column":27}},"loc":{"start":{"line":12,"column":75},"end":{"line":12,"column":265}},"line":12},"2":{"name":"_asyncToGenerator","decl":{"start":{"line":14,"column":9},"end":{"line":14,"column":26}},"loc":{"start":{"line":14,"column":31},"end":{"line":14,"column":389}},"line":14},"3":{"name":"(anonymous_3)","decl":{"start":{"line":14,"column":40},"end":{"line":14,"column":41}},"loc":{"start":{"line":14,"column":52},"end":{"line":14,"column":386}},"line":14},"4":{"name":"(anonymous_4)","decl":{"start":{"line":14,"column":108},"end":{"line":14,"column":109}},"loc":{"start":{"line":14,"column":135},"end":{"line":14,"column":382}},"line":14},"5":{"name":"_next","decl":{"start":{"line":14,"column":178},"end":{"line":14,"column":183}},"loc":{"start":{"line":14,"column":191},"end":{"line":14,"column":266}},"line":14},"6":{"name":"_throw","decl":{"start":{"line":14,"column":276},"end":{"line":14,"column":282}},"loc":{"start":{"line":14,"column":288},"end":{"line":14,"column":362}},"line":14},"7":{"name":"(anonymous_7)","decl":{"start":{"line":26,"column":19},"end":{"line":26,"column":20}},"loc":{"start":{"line":26,"column":31},"end":{"line":28,"column":1}},"line":26},"8":{"name":"create_booking_table","decl":{"start":{"line":30,"column":36},"end":{"line":30,"column":56}},"loc":{"start":{"line":30,"column":59},"end":{"line":39,"column":1}},"line":30},"9":{"name":"(anonymous_9)","decl":{"start":{"line":32,"column":28},"end":{"line":32,"column":29}},"loc":{"start":{"line":32,"column":43},"end":{"line":35,"column":3}},"line":32},"10":{"name":"(anonymous_10)","decl":{"start":{"line":35,"column":14},"end":{"line":35,"column":15}},"loc":{"start":{"line":35,"column":29},"end":{"line":38,"column":3}},"line":35},"11":{"name":"(anonymous_11)","decl":{"start":{"line":45,"column":0},"end":{"line":45,"column":1}},"loc":{"start":{"line":45,"column":12},"end":{"line":92,"column":1}},"line":45},"12":{"name":"_callee","decl":{"start":{"line":48,"column":35},"end":{"line":48,"column":42}},"loc":{"start":{"line":48,"column":45},"end":{"line":87,"column":3}},"line":48},"13":{"name":"_callee$","decl":{"start":{"line":50,"column":44},"end":{"line":50,"column":52}},"loc":{"start":{"line":50,"column":63},"end":{"line":86,"column":5}},"line":50},"14":{"name":"drop_booking_table","decl":{"start":{"line":89,"column":18},"end":{"line":89,"column":36}},"loc":{"start":{"line":89,"column":39},"end":{"line":91,"column":3}},"line":89},"15":{"name":"(anonymous_15)","decl":{"start":{"line":109,"column":18},"end":{"line":109,"column":19}},"loc":{"start":{"line":109,"column":30},"end":{"line":112,"column":1}},"line":109}},"branchMap":{"0":{"loc":{"start":{"line":10,"column":46},"end":{"line":10,"column":94}},"type":"cond-expr","locations":[{"start":{"line":10,"column":70},"end":{"line":10,"column":73}},{"start":{"line":10,"column":76},"end":{"line":10,"column":94}}],"line":10},"1":{"loc":{"start":{"line":10,"column":46},"end":{"line":10,"column":67}},"type":"binary-expr","locations":[{"start":{"line":10,"column":46},"end":{"line":10,"column":49}},{"start":{"line":10,"column":53},"end":{"line":10,"column":67}}],"line":10},"2":{"loc":{"start":{"line":12,"column":176},"end":{"line":12,"column":263}},"type":"if","locations":[{"start":{"line":12,"column":176},"end":{"line":12,"column":263}},{"start":{"line":12,"column":176},"end":{"line":12,"column":263}}],"line":12},"3":{"loc":{"start":{"line":52,"column":8},"end":{"line":84,"column":9}},"type":"switch","locations":[{"start":{"line":53,"column":10},"end":{"line":55,"column":34}},{"start":{"line":57,"column":10},"end":{"line":63,"column":43}},{"start":{"line":65,"column":10},"end":{"line":69,"column":18}},{"start":{"line":71,"column":10},"end":{"line":74,"column":32}},{"start":{"line":76,"column":10},"end":{"line":79,"column":39}},{"start":{"line":81,"column":10},"end":{"line":81,"column":18}},{"start":{"line":82,"column":10},"end":{"line":83,"column":35}}],"line":52}},"s":{"0":1,"1":1,"2":1,"3":1,"4":0,"5":0,"6":0,"7":0,"8":0,"9":0,"10":0,"11":0,"12":1,"13":0,"14":0,"15":0,"16":0,"17":0,"18":0,"19":0,"20":1,"21":1,"22":1,"23":1,"24":1,"25":1,"26":1,"27":0,"28":1,"29":0,"30":0,"31":0,"32":0,"33":0,"34":0,"35":1,"36":1,"37":1,"38":0,"39":0,"40":0,"41":0,"42":0,"43":0,"44":0,"45":0,"46":0,"47":0,"48":0,"49":0,"50":0,"51":0,"52":0,"53":0,"54":0,"55":0,"56":0,"57":0,"58":0,"59":0,"60":1,"61":0,"62":1,"63":1,"64":1,"65":1,"66":1,"67":1,"68":1,"69":1,"70":1,"71":1,"72":1,"73":1,"74":1,"75":1,"76":1,"77":1,"78":0,"79":0},"f":{"0":1,"1":0,"2":1,"3":0,"4":0,"5":0,"6":0,"7":0,"8":0,"9":0,"10":0,"11":1,"12":0,"13":0,"14":0,"15":0},"b":{"0":[0,1],"1":[1,1],"2":[0,0],"3":[0,0,0,0,0,0,0]},"_coverageSchema":"43e27e138ebf9cfc5966b082cf9a028302ed4184","hash":"f4814b9108e807e1350de9e6aa0a2f2b47629801","contentHash":"a7742499f4095a59cfd43d8e1cdf742ca5cc1d2102f656397f09794e1436df07"}}