TN:
SF:C:\Users\Administrator\Desktop\way-farer\WayFarer-API/index.js
FN:25,(anonymous_1)
FN:29,(anonymous_2)
FNF:2
FNH:0
FNDA:0,(anonymous_1)
FNDA:0,(anonymous_2)
DA:1,1
DA:2,1
DA:3,1
DA:4,1
DA:5,1
DA:6,1
DA:7,0
DA:8,0
DA:9,0
DA:11,0
DA:12,0
DA:13,0
DA:15,0
DA:16,0
DA:17,0
DA:18,0
DA:20,0
DA:21,0
DA:22,0
DA:23,0
DA:25,0
DA:26,0
DA:28,0
DA:29,0
DA:31,0
LF:25
LH:6
BRDA:28,0,0,0
BRDA:28,0,1,0
BRF:2
BRH:0
end_of_record
TN:
SF:C:\Users\Administrator\Desktop\way-farer\WayFarer-API\src\controller/user.controller.js
FN:10,(anonymous_7)
FNF:1
FNH:0
FNDA:0,(anonymous_7)
DA:2,1
DA:3,1
DA:4,1
DA:5,0
DA:6,0
DA:7,0
DA:10,0
DA:22,0
DA:32,0
DA:48,0
DA:50,0
DA:61,0
DA:63,0
DA:64,0
DA:78,0
DA:116,0
DA:117,0
DA:118,0
DA:124,0
DA:125,0
DA:135,0
DA:155,0
LF:22
LH:3
BRDA:10,0,0,0
BRDA:10,0,1,0
BRDA:10,0,2,0
BRDA:10,0,3,0
BRDA:10,0,4,0
BRDA:10,0,5,0
BRDA:10,0,6,0
BRDA:10,0,7,0
BRDA:10,0,8,0
BRDA:10,1,0,0
BRDA:10,1,1,0
BRDA:24,2,0,0
BRDA:24,2,1,0
BRDA:24,2,2,0
BRDA:24,2,3,0
BRDA:32,3,0,0
BRDA:32,3,1,0
BRDA:10,4,0,0
BRDA:10,4,1,0
BRDA:10,4,2,0
BRDA:10,4,3,0
BRDA:10,4,4,0
BRDA:10,4,5,0
BRDA:10,4,6,0
BRDA:101,5,0,0
BRDA:101,5,1,0
BRDA:117,6,0,0
BRDA:117,6,1,0
BRDA:124,7,0,0
BRDA:124,7,1,0
BRF:30
BRH:0
end_of_record
TN:
SF:C:\Users\Administrator\Desktop\way-farer\WayFarer-API\src\middleware/Auth.js
FN:5,generate_token
FNF:1
FNH:1
FNDA:1,generate_token
DA:1,1
DA:3,1
DA:5,2
DA:16,0
DA:20,0
DA:32,0
DA:35,0
DA:36,0
DA:37,0
DA:46,0
DA:47,0
DA:51,0
DA:67,0
LF:13
LH:3
BRDA:5,0,0,0
BRDA:5,0,1,0
BRDA:5,0,2,0
BRDA:5,0,3,0
BRDA:5,0,4,0
BRDA:5,0,5,0
BRDA:5,0,6,0
BRDA:5,0,7,0
BRDA:5,1,0,0
BRDA:5,1,1,0
BRF:10
BRH:0
end_of_record
TN:
SF:C:\Users\Administrator\Desktop\way-farer\WayFarer-API\src\model/db.js
FN:10,query
FN:18,(anonymous_2)
FN:20,(anonymous_3)
FN:23,(anonymous_4)
FNF:4
FNH:0
FNDA:0,query
FNDA:0,(anonymous_2)
FNDA:0,(anonymous_3)
FNDA:0,(anonymous_4)
DA:1,1
DA:2,1
DA:4,1
DA:6,1
DA:10,1
DA:18,0
DA:19,0
DA:21,0
DA:24,0
LF:9
LH:5
BRF:0
BRH:0
end_of_record
TN:
SF:C:\Users\Administrator\Desktop\way-farer\WayFarer-API\src\routes/user.route.js
FNF:0
FNH:0
DA:1,1
DA:2,1
DA:5,0
DA:7,0
DA:8,0
DA:10,0
LF:6
LH:2
BRF:0
BRH:0
end_of_record
TN:
SF:C:\Users\Administrator\Desktop\way-farer\WayFarer-API\tests/test.config.js
FN:22,(anonymous_1)
FN:23,(anonymous_2)
FN:28,(anonymous_3)
FN:43,(anonymous_4)
FN:44,(anonymous_5)
FN:49,(anonymous_6)
FNF:6
FNH:0
FNDA:0,(anonymous_1)
FNDA:0,(anonymous_2)
FNDA:0,(anonymous_3)
FNDA:0,(anonymous_4)
FNDA:0,(anonymous_5)
FNDA:0,(anonymous_6)
DA:2,1
DA:3,1
DA:4,1
DA:6,0
DA:14,0
DA:17,0
DA:19,0
DA:20,0
DA:22,0
DA:23,0
DA:24,0
DA:29,0
DA:30,0
DA:31,0
DA:32,0
DA:33,0
DA:34,0
DA:35,0
DA:36,0
DA:37,0
DA:38,0
DA:43,0
DA:44,0
DA:45,0
DA:50,0
DA:51,0
DA:52,0
DA:53,0
DA:54,0
DA:55,0
LF:30
LH:3
BRF:0
BRH:0
end_of_record
